SF:lib\models\app_timer.dart
DA:25,1
DA:42,1
DA:43,1
DA:44,1
DA:45,1
DA:46,1
DA:47,1
DA:48,1
DA:49,2
DA:50,1
DA:51,2
DA:53,2
DA:54,1
DA:55,1
DA:56,1
DA:57,2
DA:58,2
DA:63,1
DA:64,1
DA:65,1
DA:66,1
DA:67,1
DA:68,1
DA:69,1
DA:70,2
DA:71,2
DA:72,2
DA:73,1
DA:74,1
DA:75,1
DA:76,2
DA:77,2
DA:82,1
DA:97,1
DA:98,1
DA:99,1
DA:100,1
DA:101,1
DA:102,1
DA:103,1
DA:104,1
DA:105,1
DA:106,1
DA:107,1
DA:108,1
DA:109,1
DA:110,1
DA:115,1
DA:117,1
DA:119,1
DA:121,1
DA:123,1
DA:131,1
DA:133,1
DA:135,1
DA:137,1
DA:139,1
LF:57
LH:57
end_of_record
SF:lib\models\board_meeting_model.dart
DA:10,1
DA:18,1
DA:19,1
DA:20,1
DA:21,1
DA:22,1
DA:23,1
DA:24,2
DA:25,0
DA:26,1
DA:27,1
DA:28,3
DA:29,1
DA:30,0
DA:42,1
DA:50,1
DA:51,1
DA:52,1
DA:53,1
DA:54,1
DA:55,1
DA:56,1
DA:57,2
DA:58,0
LF:24
LH:21
end_of_record
SF:lib\main.dart
DA:17,1
DA:21,1
DA:23,0
DA:24,0
DA:26,0
DA:32,0
DA:33,0
DA:34,0
DA:35,0
DA:36,0
DA:44,3
DA:46,1
DA:48,4
DA:50,1
DA:51,1
DA:52,1
DA:53,1
DA:54,1
DA:56,1
DA:57,2
DA:63,1
DA:65,1
DA:66,1
DA:67,1
DA:68,2
DA:73,1
DA:82,3
DA:84,1
DA:86,1
DA:88,1
DA:91,1
DA:92,1
DA:93,1
DA:102,1
DA:103,2
DA:105,1
DA:106,1
DA:107,1
DA:108,4
DA:112,1
DA:113,0
DA:114,1
DA:115,1
DA:116,1
DA:118,1
DA:119,2
DA:121,2
LF:47
LH:38
end_of_record
SF:lib\services\theme_service.dart
DA:8,1
DA:9,1
DA:13,0
DA:14,0
DA:15,3
DA:16,2
DA:27,0
DA:28,0
DA:29,0
DA:33,0
DA:34,0
DA:35,0
DA:36,0
DA:37,0
DA:40,0
DA:41,0
DA:42,0
DA:46,1
DA:47,1
DA:48,1
DA:50,0
DA:51,0
DA:52,0
DA:53,0
DA:57,0
DA:58,0
DA:61,0
DA:62,0
DA:65,0
DA:66,0
DA:72,0
DA:73,0
DA:76,0
DA:77,0
LF:34
LH:7
end_of_record
SF:lib\pages\home_page.dart
DA:20,3
DA:22,0
DA:23,0
DA:24,0
DA:25,0
DA:27,0
DA:32,2
DA:34,2
DA:35,2
DA:36,2
DA:38,2
DA:40,2
DA:45,2
DA:46,2
DA:47,2
DA:48,0
DA:51,2
DA:53,0
DA:58,2
DA:60,2
DA:62,2
DA:63,2
DA:68,2
DA:70,2
DA:72,2
DA:73,4
DA:74,2
DA:78,0
DA:80,2
DA:84,0
DA:86,0
DA:87,0
DA:91,2
DA:95,0
DA:99,2
DA:104,4
DA:105,2
DA:109,0
DA:111,2
DA:115,0
DA:117,2
DA:121,0
DA:125,2
DA:126,4
DA:127,2
DA:131,0
DA:133,2
DA:137,0
DA:139,2
DA:143,0
DA:145,2
DA:149,0
DA:158,0
DA:159,0
DA:162,2
DA:163,2
DA:165,2
DA:166,2
DA:167,2
DA:169,2
DA:171,2
DA:182,2
DA:183,2
DA:185,4
DA:186,2
DA:200,0
DA:202,0
DA:203,0
DA:210,2
DA:211,2
DA:213,4
DA:214,2
DA:228,0
DA:230,0
DA:231,0
DA:238,2
DA:239,2
DA:248,2
DA:249,2
DA:250,2
DA:251,2
DA:254,2
DA:255,2
DA:256,2
DA:257,2
DA:258,2
DA:260,2
DA:261,2
DA:262,2
DA:264,2
DA:265,4
DA:268,6
DA:271,2
DA:272,2
DA:273,2
DA:297,2
LF:96
LH:69
end_of_record
SF:lib\pages\landing_page.dart
DA:6,3
DA:8,1
DA:9,1
DA:18,0
DA:19,0
DA:20,0
DA:22,0
DA:23,0
DA:29,0
DA:31,0
DA:32,0
DA:33,0
DA:34,0
DA:35,0
DA:40,0
DA:41,0
DA:42,0
DA:43,0
DA:44,0
DA:45,0
DA:50,0
DA:51,0
DA:52,0
DA:55,0
DA:59,1
DA:61,1
DA:62,1
DA:63,1
DA:64,1
DA:66,1
DA:68,1
DA:80,1
DA:81,1
DA:90,1
DA:91,1
DA:100,1
DA:103,1
DA:104,2
DA:105,1
DA:109,1
DA:111,1
DA:112,1
DA:118,1
DA:119,0
DA:120,1
DA:121,1
LF:46
LH:24
end_of_record
SF:lib\pages\onboarding_page.dart
DA:5,3
DA:7,1
DA:8,1
DA:17,1
DA:19,2
DA:20,2
DA:21,1
DA:24,0
DA:25,0
DA:26,0
DA:27,0
DA:33,0
DA:36,0
DA:40,0
DA:41,0
DA:44,0
DA:48,0
DA:49,0
DA:50,0
DA:51,0
DA:52,0
DA:58,0
DA:59,0
DA:60,0
DA:63,0
DA:65,0
DA:68,0
DA:69,0
DA:70,0
DA:73,0
DA:77,1
DA:79,1
DA:80,1
DA:81,1
DA:82,1
DA:83,1
DA:84,1
DA:85,1
DA:86,1
DA:87,0
DA:88,1
DA:89,1
DA:90,1
DA:91,1
DA:95,1
DA:103,1
DA:104,1
DA:106,1
DA:108,1
DA:122,1
DA:125,1
DA:127,1
DA:137,1
DA:138,1
DA:140,1
DA:142,1
DA:154,1
DA:158,1
DA:159,1
DA:160,1
DA:161,1
DA:165,1
DA:167,1
DA:168,1
DA:169,1
DA:177,1
DA:178,1
DA:179,1
DA:180,1
DA:182,1
DA:183,1
DA:186,2
DA:187,1
DA:193,1
DA:194,1
DA:196,1
DA:198,1
DA:215,1
DA:217,1
DA:219,2
DA:220,1
DA:234,1
DA:235,1
DA:252,1
DA:253,1
DA:255,1
DA:257,1
DA:259,1
DA:260,2
DA:261,1
DA:265,1
DA:267,2
DA:269,1
DA:275,2
DA:276,1
DA:277,0
DA:278,0
DA:286,0
DA:287,0
DA:288,0
DA:294,0
LF:101
LH:71
end_of_record
SF:lib\pages\gemini_university_v2_page.dart
DA:9,3
DA:11,1
DA:12,1
DA:370,1
DA:372,1
DA:373,2
DA:376,1
DA:378,2
DA:379,1
DA:382,0
DA:383,0
DA:384,0
DA:385,0
DA:386,0
DA:387,0
DA:388,0
DA:396,0
DA:397,0
DA:398,0
DA:399,0
DA:403,0
DA:404,0
DA:405,0
DA:407,0
DA:414,0
DA:415,0
DA:420,0
DA:421,0
DA:422,0
DA:424,0
DA:445,0
DA:446,0
DA:447,0
DA:449,0
DA:450,0
DA:451,0
DA:460,1
DA:462,1
DA:463,1
DA:464,1
DA:466,1
DA:467,1
DA:471,1
DA:472,1
DA:482,1
DA:483,1
DA:484,1
DA:485,1
DA:486,1
DA:492,1
DA:493,1
DA:495,2
DA:496,1
DA:497,2
DA:498,3
DA:500,1
DA:503,1
DA:504,1
DA:509,1
DA:510,1
DA:512,1
DA:513,1
DA:514,1
DA:518,1
DA:519,1
DA:522,2
DA:523,1
DA:524,1
DA:526,1
DA:528,1
DA:529,1
DA:530,1
DA:531,1
DA:535,1
DA:537,1
DA:539,0
DA:542,0
DA:543,0
DA:544,0
DA:566,1
DA:567,3
DA:571,1
DA:573,1
DA:584,3
DA:585,1
DA:587,1
DA:588,0
DA:590,2
DA:591,1
DA:602,1
DA:603,1
DA:605,1
DA:616,3
DA:618,6
DA:619,1
DA:621,1
DA:623,1
DA:624,0
DA:625,0
DA:626,0
DA:628,0
DA:636,1
DA:640,5
DA:649,1
DA:650,5
DA:651,1
DA:653,1
DA:655,1
DA:656,1
DA:658,1
DA:660,1
DA:661,1
DA:664,1
DA:667,1
DA:671,1
DA:672,1
DA:673,1
DA:674,3
DA:687,0
DA:689,1
DA:694,1
DA:695,1
DA:696,1
DA:699,1
DA:700,5
DA:709,0
DA:710,0
DA:712,0
DA:714,0
DA:715,0
DA:716,0
DA:717,0
DA:718,0
DA:724,0
DA:725,0
DA:754,0
DA:755,0
DA:773,1
DA:789,1
LF:139
LH:90
end_of_record
SF:lib\pages\danshari_page.dart
DA:7,3
DA:9,1
DA:10,1
DA:18,1
DA:20,1
DA:21,3
DA:22,1
DA:27,1
DA:29,4
DA:34,3
DA:36,1
DA:37,1
DA:38,0
DA:39,0
DA:40,0
DA:41,0
DA:42,0
DA:43,0
DA:45,0
DA:46,0
DA:47,0
DA:48,0
DA:51,1
DA:52,2
DA:53,4
DA:54,3
DA:59,0
DA:60,0
DA:67,0
DA:68,0
DA:69,0
DA:72,0
DA:74,0
DA:75,0
DA:78,0
DA:79,0
DA:80,0
DA:83,0
DA:87,0
DA:88,0
DA:89,0
DA:94,1
DA:96,1
DA:98,1
DA:103,1
DA:105,2
DA:106,1
DA:107,0
DA:111,1
DA:112,1
DA:113,1
DA:115,1
DA:132,1
DA:133,0
DA:141,0
DA:142,0
DA:143,0
DA:145,0
DA:147,0
DA:149,0
DA:150,0
DA:151,0
DA:160,0
DA:161,0
DA:163,0
DA:164,0
DA:166,0
DA:168,0
DA:170,0
DA:171,0
DA:172,0
DA:175,0
DA:176,0
DA:185,0
DA:186,0
DA:193,0
DA:194,0
DA:195,0
DA:196,0
DA:218,0
DA:219,0
DA:220,0
DA:221,0
DA:222,0
DA:223,0
DA:224,0
DA:234,0
DA:235,0
DA:236,0
DA:237,0
LF:90
LH:27
end_of_record
SF:lib\services\gamification_service.dart
DA:6,2
DA:22,2
DA:23,2
DA:24,2
DA:25,2
DA:26,2
DA:27,2
DA:29,1
DA:30,7
DA:32,2
DA:33,1
DA:35,1
DA:36,1
DA:40,1
DA:41,3
DA:42,1
DA:45,1
DA:49,1
DA:50,1
DA:51,1
LF:20
LH:20
end_of_record
SF:lib\models\achievement.dart
DA:15,0
DA:30,0
DA:38,2
LF:3
LH:1
end_of_record
SF:lib\models\note.dart
DA:15,0
DA:30,0
DA:31,0
DA:32,0
DA:33,0
DA:34,0
DA:35,0
DA:36,0
DA:37,0
DA:38,0
DA:39,0
DA:40,0
DA:41,0
DA:43,0
DA:44,0
DA:45,0
DA:47,0
DA:51,0
DA:52,0
DA:53,0
DA:54,0
DA:55,0
DA:56,0
DA:57,0
DA:58,0
DA:59,0
DA:60,0
DA:61,0
DA:62,0
DA:63,0
DA:64,0
DA:69,0
DA:70,0
DA:71,0
DA:75,0
DA:76,0
DA:77,0
DA:78,0
DA:79,0
DA:83,0
DA:84,0
DA:85,0
DA:86,0
LF:43
LH:0
end_of_record
SF:lib\models\payment_source.dart
DA:6,0
DA:12,0
DA:13,0
DA:14,0
DA:15,0
DA:16,0
DA:18,0
LF:7
LH:0
end_of_record
SF:lib\models\user_stats.dart
DA:16,0
DA:28,0
DA:29,0
DA:32,0
DA:38,0
DA:39,0
DA:43,0
DA:44,0
DA:45,0
DA:49,0
DA:50,0
DA:51,0
DA:55,0
DA:56,0
DA:57,0
DA:58,0
DA:59,0
DA:64,0
DA:65,0
DA:66,0
DA:67,0
DA:68,0
DA:69,0
DA:73,0
DA:74,0
DA:75,0
DA:76,0
DA:77,0
DA:78,0
DA:79,0
DA:80,0
DA:81,0
DA:82,0
DA:83,0
DA:84,0
DA:87,0
DA:88,0
DA:89,0
DA:90,0
DA:91,0
DA:92,0
DA:93,0
DA:94,0
DA:95,0
DA:96,0
DA:97,0
DA:99,0
DA:100,0
DA:101,0
DA:102,0
DA:103,0
DA:104,0
DA:107,0
DA:120,0
DA:121,0
DA:122,0
DA:123,0
DA:124,0
DA:125,0
DA:126,0
DA:127,0
DA:128,0
DA:129,0
DA:130,0
DA:131,0
DA:146,0
DA:155,0
DA:156,0
DA:158,0
DA:159,0
DA:160,0
DA:161,0
DA:162,0
DA:163,0
DA:164,0
DA:165,0
DA:166,0
DA:169,0
DA:170,0
DA:171,0
DA:172,0
DA:173,0
DA:174,0
DA:175,0
DA:176,0
DA:177,0
DA:179,0
DA:180,0
DA:181,0
DA:182,0
DA:183,0
DA:184,0
LF:92
LH:0
end_of_record
SF:lib\pages\ai_status_page.dart
DA:9,3
DA:11,1
DA:12,1
DA:26,1
DA:27,2
DA:29,1
DA:31,1
DA:32,1
DA:36,1
DA:38,3
DA:41,3
DA:43,1
DA:46,2
DA:47,3
DA:50,2
DA:51,0
DA:52,1
DA:54,2
DA:55,1
DA:58,3
DA:61,1
DA:62,1
DA:66,1
DA:67,2
DA:71,1
DA:75,1
DA:76,1
DA:78,1
DA:80,1
DA:81,1
DA:82,1
DA:85,2
DA:86,2
DA:87,1
DA:93,1
DA:94,3
DA:95,1
DA:96,1
DA:97,1
DA:102,1
DA:103,2
DA:104,1
DA:106,1
DA:107,1
DA:112,1
DA:113,2
DA:114,2
DA:115,2
DA:116,2
DA:120,3
DA:122,1
DA:125,3
DA:128,2
DA:129,2
DA:130,2
DA:132,1
DA:134,2
DA:137,2
DA:138,3
DA:140,2
DA:142,1
DA:144,2
DA:145,3
DA:147,3
DA:150,1
DA:154,0
DA:155,0
DA:158,0
DA:159,0
DA:161,0
DA:162,0
DA:163,0
DA:168,0
DA:169,0
DA:170,0
DA:175,1
DA:178,1
DA:180,1
DA:184,1
DA:185,1
DA:187,1
DA:190,1
DA:192,1
DA:197,1
DA:199,1
DA:200,1
DA:201,1
DA:203,1
DA:204,2
DA:209,1
DA:211,2
DA:212,1
DA:213,2
DA:215,1
DA:217,1
DA:218,1
DA:219,2
DA:221,1
DA:222,1
DA:225,1
DA:226,1
DA:227,2
DA:229,1
DA:230,2
DA:231,1
DA:232,1
DA:234,1
DA:236,1
DA:238,1
DA:239,1
DA:240,1
DA:242,1
DA:243,1
DA:245,1
DA:248,1
DA:249,1
DA:251,1
DA:255,1
DA:264,1
DA:265,1
DA:268,1
DA:269,1
DA:276,1
DA:277,2
DA:278,1
DA:280,1
DA:287,1
DA:289,1
DA:290,1
DA:291,1
DA:292,1
DA:295,1
DA:297,1
DA:312,1
DA:315,2
DA:316,0
DA:318,0
DA:319,0
DA:338,1
DA:339,2
DA:342,1
DA:343,1
DA:344,1
DA:345,1
DA:347,1
DA:349,1
DA:355,1
DA:356,1
DA:357,1
DA:358,1
DA:359,1
DA:360,1
DA:361,1
DA:363,1
DA:364,1
DA:365,1
DA:367,1
DA:373,1
DA:374,1
DA:375,1
DA:377,1
DA:379,1
DA:387,1
DA:390,1
DA:391,2
DA:392,1
DA:394,3
DA:402,1
DA:405,1
DA:406,1
DA:407,1
DA:409,1
DA:411,2
DA:416,1
DA:417,1
DA:418,3
DA:419,1
DA:425,2
DA:427,1
DA:428,1
DA:436,1
DA:437,1
DA:438,1
DA:439,1
DA:440,1
DA:441,1
DA:442,1
DA:443,1
DA:445,1
DA:448,1
DA:450,1
DA:451,0
DA:452,1
DA:453,1
DA:455,1
DA:456,0
DA:459,1
DA:461,1
DA:462,1
DA:463,1
DA:464,1
DA:470,1
DA:471,1
DA:472,1
DA:479,1
DA:480,1
DA:481,1
DA:490,1
DA:491,1
DA:492,2
DA:494,1
DA:495,3
DA:496,2
DA:501,1
DA:502,1
DA:503,1
DA:505,1
DA:517,1
DA:519,0
DA:520,0
DA:521,0
DA:525,1
DA:527,0
DA:529,0
DA:531,0
DA:533,0
DA:535,0
DA:542,1
DA:543,1
DA:545,1
DA:546,1
DA:547,1
DA:548,2
DA:550,1
DA:551,1
DA:553,1
DA:558,1
DA:561,1
DA:562,1
DA:566,1
DA:570,1
DA:578,1
DA:579,1
DA:580,1
LF:244
LH:220
end_of_record
SF:lib\pages\asset_management_page.dart
DA:9,3
DA:11,0
DA:12,0
DA:37,0
DA:39,0
DA:40,0
DA:43,0
DA:45,0
DA:46,0
DA:50,0
DA:51,0
DA:52,0
DA:53,0
DA:54,0
DA:55,0
DA:56,0
DA:60,0
DA:61,0
DA:62,0
DA:65,0
DA:66,0
DA:67,0
DA:69,0
DA:70,0
DA:71,0
DA:72,0
DA:75,0
DA:78,0
DA:79,0
DA:84,0
DA:85,0
DA:86,0
DA:88,0
DA:89,0
DA:90,0
DA:91,0
DA:98,0
DA:100,0
DA:101,0
DA:104,0
DA:106,0
DA:107,0
DA:110,0
DA:111,0
DA:113,0
DA:114,0
DA:120,0
DA:121,0
DA:122,0
DA:123,0
DA:127,0
DA:128,0
DA:129,0
DA:130,0
DA:131,0
DA:132,0
DA:133,0
DA:137,0
DA:138,0
DA:139,0
DA:140,0
DA:141,0
DA:142,0
DA:144,0
DA:145,0
DA:146,0
DA:147,0
DA:151,0
DA:152,0
DA:153,0
DA:155,0
DA:156,0
DA:161,0
DA:165,0
DA:166,0
DA:167,0
DA:168,0
DA:172,0
DA:173,0
DA:176,0
DA:177,0
DA:181,0
DA:182,0
DA:183,0
DA:184,0
DA:185,0
DA:186,0
DA:191,0
DA:192,0
DA:193,0
DA:197,0
DA:198,0
DA:199,0
DA:200,0
DA:201,0
DA:202,0
DA:203,0
DA:205,0
DA:206,0
DA:212,0
DA:214,0
DA:218,0
DA:219,0
DA:220,0
DA:224,0
DA:226,0
DA:227,0
DA:229,0
DA:232,0
DA:234,0
DA:235,0
DA:236,0
DA:238,0
DA:245,0
DA:246,0
DA:248,0
DA:250,0
DA:252,0
DA:258,0
DA:259,0
DA:260,0
DA:261,0
DA:262,0
DA:263,0
DA:269,0
DA:270,0
DA:272,0
DA:273,0
DA:276,0
DA:277,0
DA:289,0
DA:290,0
DA:292,0
DA:294,0
DA:295,0
DA:296,0
DA:298,0
DA:299,0
DA:300,0
DA:303,0
DA:306,0
DA:310,0
DA:314,0
DA:315,0
DA:317,0
DA:324,0
DA:325,0
DA:333,0
DA:334,0
DA:346,0
DA:347,0
DA:348,0
DA:353,0
DA:354,0
DA:356,0
DA:358,0
DA:360,0
DA:366,0
DA:368,0
DA:370,0
DA:371,0
DA:372,0
DA:373,0
DA:374,0
DA:379,0
DA:380,0
DA:381,0
DA:384,0
DA:387,0
DA:388,0
DA:391,0
DA:392,0
DA:394,0
DA:405,0
DA:406,0
DA:418,0
DA:419,0
DA:420,0
DA:421,0
DA:422,0
DA:424,0
DA:429,0
DA:430,0
DA:431,0
DA:434,0
DA:435,0
DA:436,0
DA:437,0
DA:446,0
DA:447,0
DA:448,0
DA:449,0
DA:450,0
DA:452,0
DA:453,0
DA:454,0
DA:457,0
DA:458,0
DA:459,0
DA:460,0
DA:462,0
DA:472,0
DA:473,0
DA:474,0
DA:475,0
DA:476,0
DA:480,0
DA:483,0
DA:484,0
DA:485,0
DA:487,0
DA:488,0
DA:489,0
DA:493,0
DA:494,0
DA:495,0
DA:496,0
DA:498,0
DA:502,0
DA:503,0
DA:504,0
DA:505,0
DA:506,0
DA:509,0
DA:511,0
DA:513,0
DA:515,0
DA:516,0
DA:517,0
DA:520,0
DA:521,0
DA:530,0
DA:531,0
DA:533,0
DA:534,0
DA:536,0
DA:537,0
DA:538,0
DA:539,0
DA:540,0
LF:240
LH:1
end_of_record
SF:lib\pages\cfo_office_page.dart
DA:8,3
DA:10,0
DA:12,0
DA:13,0
DA:15,0
DA:18,0
DA:20,0
DA:21,0
DA:28,0
DA:35,0
DA:42,0
DA:54,0
DA:61,0
DA:64,0
DA:66,0
DA:67,0
DA:68,0
DA:70,0
DA:71,0
DA:74,0
DA:75,0
DA:76,0
DA:77,0
LF:23
LH:1
end_of_record
SF:lib\pages\financial_report_page.dart
DA:8,3
DA:10,0
DA:11,0
DA:20,0
DA:22,0
DA:23,0
DA:24,0
DA:27,0
DA:29,0
DA:30,0
DA:33,0
DA:34,0
DA:35,0
DA:37,0
DA:38,0
DA:39,0
DA:40,0
DA:43,0
DA:46,0
DA:51,0
DA:53,0
DA:54,0
DA:56,0
DA:58,0
DA:59,0
DA:70,0
DA:71,0
DA:72,0
DA:73,0
DA:74,0
DA:75,0
DA:81,0
DA:82,0
DA:86,0
DA:87,0
DA:93,0
DA:94,0
DA:95,0
DA:96,0
DA:98,0
DA:100,0
DA:102,0
DA:103,0
DA:104,0
DA:105,0
DA:109,0
DA:111,0
DA:117,0
DA:124,0
DA:126,0
DA:128,0
DA:129,0
DA:130,0
DA:131,0
DA:133,0
DA:135,0
DA:138,0
DA:140,0
DA:149,0
DA:150,0
DA:152,0
DA:154,0
DA:155,0
DA:156,0
DA:158,0
DA:169,0
DA:170,0
DA:172,0
DA:174,0
DA:176,0
DA:182,0
DA:184,0
DA:185,0
DA:187,0
DA:188,0
DA:189,0
DA:190,0
DA:191,0
DA:192,0
DA:193,0
DA:194,0
DA:195,0
DA:196,0
DA:197,0
DA:206,0
DA:207,0
DA:208,0
DA:211,0
DA:212,0
DA:213,0
DA:214,0
DA:219,0
DA:220,0
DA:222,0
DA:223,0
DA:235,0
DA:236,0
DA:237,0
DA:238,0
DA:239,0
DA:240,0
DA:241,0
DA:247,0
DA:257,0
DA:264,0
DA:266,0
DA:267,0
DA:268,0
DA:270,0
DA:271,0
DA:274,0
DA:275,0
DA:276,0
DA:281,0
DA:287,0
DA:288,0
DA:289,0
DA:290,0
DA:292,0
DA:293,0
DA:295,0
DA:297,0
DA:299,0
DA:300,0
DA:301,0
DA:302,0
DA:306,0
DA:307,0
DA:309,0
DA:310,0
DA:312,0
DA:314,0
DA:315,0
DA:316,0
DA:317,0
DA:319,0
DA:322,0
DA:325,0
DA:333,0
DA:337,0
DA:338,0
DA:339,0
DA:340,0
DA:341,0
DA:342,0
DA:348,0
DA:352,0
DA:354,0
DA:355,0
DA:356,0
DA:358,0
DA:361,0
DA:362,0
DA:377,0
DA:388,0
LF:155
LH:1
end_of_record
SF:lib\pages\payment_channel_ledger_page.dart
DA:7,3
DA:9,0
DA:11,0
DA:18,0
DA:20,0
DA:21,0
DA:22,0
DA:25,0
DA:26,0
DA:27,0
DA:31,0
DA:33,0
DA:34,0
DA:35,0
DA:41,0
DA:43,0
DA:44,0
DA:45,0
DA:46,0
DA:53,0
DA:55,0
DA:56,0
DA:58,0
DA:61,0
DA:62,0
DA:63,0
DA:64,0
DA:66,0
DA:68,0
DA:70,0
DA:73,0
DA:75,0
DA:76,0
DA:80,0
DA:81,0
DA:82,0
DA:83,0
DA:85,0
DA:86,0
DA:87,0
DA:88,0
DA:89,0
DA:94,0
DA:97,0
DA:98,0
DA:99,0
DA:101,0
DA:103,0
DA:105,0
DA:106,0
DA:107,0
DA:108,0
DA:111,0
DA:112,0
DA:113,0
DA:119,0
DA:121,0
DA:124,0
DA:125,0
DA:126,0
DA:127,0
DA:130,0
DA:136,0
DA:146,0
DA:148,0
DA:151,0
DA:152,0
DA:153,0
DA:154,0
LF:69
LH:1
end_of_record
SF:lib\pages\subscription_page.dart
DA:5,3
DA:7,0
DA:8,0
DA:16,0
DA:18,0
DA:19,0
DA:22,0
DA:24,0
DA:27,0
DA:28,0
DA:29,0
DA:30,0
DA:31,0
DA:33,0
DA:34,0
DA:35,0
DA:36,0
DA:40,0
DA:42,0
DA:43,0
DA:44,0
DA:46,0
DA:47,0
DA:52,0
DA:53,0
DA:54,0
DA:56,0
DA:57,0
DA:58,0
DA:60,0
DA:62,0
DA:63,0
DA:68,0
DA:75,0
DA:76,0
DA:77,0
DA:80,0
DA:81,0
DA:82,0
DA:83,0
DA:84,0
DA:86,0
DA:88,0
DA:93,0
DA:94,0
DA:104,0
DA:105,0
DA:106,0
DA:109,0
DA:112,0
DA:113,0
DA:116,0
DA:117,0
DA:119,0
DA:121,0
DA:123,0
DA:124,0
DA:125,0
DA:127,0
DA:129,0
DA:130,0
DA:135,0
DA:136,0
DA:137,0
DA:138,0
DA:140,0
DA:143,0
DA:149,0
DA:150,0
DA:152,0
DA:153,0
DA:154,0
DA:155,0
DA:156,0
DA:161,0
DA:162,0
DA:164,0
DA:165,0
DA:166,0
DA:171,0
DA:176,0
DA:177,0
DA:187,0
DA:188,0
DA:189,0
LF:85
LH:1
end_of_record
SF:lib\pages\cho_office_page.dart
DA:5,3
DA:7,0
DA:9,0
DA:10,0
DA:12,0
DA:15,0
DA:17,0
DA:18,0
DA:25,0
DA:32,0
DA:44,0
DA:51,0
DA:54,0
DA:56,0
DA:57,0
DA:58,0
DA:60,0
DA:61,0
DA:64,0
DA:65,0
DA:66,0
DA:67,0
LF:22
LH:1
end_of_record
SF:lib\pages\health_page.dart
DA:6,3
DA:8,0
DA:9,0
DA:18,0
DA:20,0
DA:21,0
DA:24,0
DA:26,0
DA:30,0
DA:31,0
DA:32,0
DA:33,0
DA:34,0
DA:35,0
DA:37,0
DA:38,0
DA:39,0
DA:40,0
DA:44,0
DA:45,0
DA:46,0
DA:47,0
DA:52,0
DA:53,0
DA:54,0
DA:56,0
DA:60,0
DA:67,0
DA:68,0
DA:70,0
DA:71,0
DA:72,0
DA:77,0
DA:79,0
DA:80,0
DA:85,0
DA:86,0
DA:87,0
DA:89,0
DA:90,0
DA:91,0
DA:92,0
DA:93,0
DA:103,0
DA:104,0
DA:105,0
DA:116,0
DA:117,0
DA:119,0
DA:126,0
DA:128,0
DA:129,0
DA:130,0
DA:131,0
DA:133,0
DA:135,0
DA:138,0
DA:143,0
DA:144,0
LF:59
LH:1
end_of_record
SF:lib\pages\chro_office_page.dart
DA:6,3
DA:8,0
DA:10,0
DA:11,0
DA:13,0
DA:16,0
DA:18,0
DA:19,0
DA:26,0
DA:33,0
DA:45,0
DA:52,0
DA:55,0
DA:57,0
DA:58,0
DA:59,0
DA:61,0
DA:62,0
DA:65,0
DA:66,0
DA:67,0
DA:68,0
LF:22
LH:1
end_of_record
SF:lib\pages\rewards_page.dart
DA:5,3
DA:7,0
DA:8,0
DA:16,0
DA:18,0
DA:19,0
DA:22,0
DA:24,0
DA:27,0
DA:28,0
DA:29,0
DA:30,0
DA:31,0
DA:33,0
DA:34,0
DA:36,0
DA:37,0
DA:39,0
DA:43,0
DA:44,0
DA:48,0
DA:50,0
DA:51,0
DA:56,0
DA:58,0
DA:60,0
DA:62,0
DA:64,0
DA:66,0
DA:67,0
DA:68,0
DA:72,0
DA:73,0
DA:74,0
DA:75,0
DA:81,0
DA:82,0
DA:89,0
DA:90,0
DA:98,0
DA:99,0
DA:118,0
DA:119,0
DA:130,0
DA:134,0
DA:135,0
DA:138,0
DA:140,0
DA:143,0
DA:145,0
DA:148,0
DA:150,0
DA:153,0
DA:155,0
DA:156,0
DA:159,0
DA:169,0
DA:170,0
DA:172,0
DA:173,0
DA:175,0
DA:176,0
DA:179,0
DA:182,0
DA:186,0
DA:188,0
LF:66
LH:1
end_of_record
SF:lib\pages\stats_page.dart
DA:7,3
DA:9,0
DA:10,0
DA:16,0
DA:18,0
DA:19,0
DA:22,0
DA:24,0
DA:25,0
DA:26,0
DA:29,0
DA:31,0
DA:33,0
DA:34,0
DA:35,0
DA:37,0
DA:39,0
DA:40,0
DA:41,0
DA:42,0
DA:49,0
DA:50,0
DA:52,0
DA:59,0
DA:60,0
DA:61,0
DA:62,0
DA:63,0
LF:28
LH:1
end_of_record
SF:lib\pages\cmo_office_page.dart
DA:6,3
DA:8,0
DA:9,0
DA:17,0
DA:19,0
DA:20,0
DA:23,0
DA:25,0
DA:28,0
DA:29,0
DA:30,0
DA:31,0
DA:32,0
DA:34,0
DA:35,0
DA:36,0
DA:37,0
DA:41,0
DA:42,0
DA:47,0
DA:48,0
DA:51,0
DA:53,0
DA:54,0
DA:55,0
DA:57,0
DA:58,0
DA:60,0
DA:63,0
DA:65,0
DA:67,0
DA:68,0
DA:70,0
DA:74,0
DA:76,0
DA:78,0
DA:80,0
DA:82,0
DA:87,0
DA:93,0
DA:95,0
DA:101,0
DA:110,0
DA:111,0
DA:114,0
DA:116,0
DA:117,0
DA:118,0
DA:119,0
DA:120,0
DA:123,0
DA:125,0
DA:126,0
DA:128,0
DA:130,0
DA:145,0
DA:153,0
DA:156,0
DA:157,0
DA:158,0
DA:159,0
LF:61
LH:1
end_of_record
SF:lib\pages\emergency_meeting_page.dart
DA:13,4
DA:15,2
DA:16,2
DA:56,0
DA:57,0
DA:59,2
DA:61,2
DA:62,2
DA:67,2
DA:68,2
DA:69,1
DA:70,2
DA:71,2
DA:74,1
DA:76,0
DA:79,3
DA:80,0
DA:86,0
DA:88,0
DA:89,0
DA:91,0
DA:92,0
DA:93,0
DA:94,0
DA:95,0
DA:96,0
DA:97,0
DA:98,0
DA:99,0
DA:102,0
DA:103,0
DA:105,0
DA:106,0
DA:107,0
DA:111,0
DA:113,0
DA:116,1
DA:117,2
DA:118,1
DA:120,2
DA:122,1
DA:123,0
DA:126,1
DA:127,1
DA:128,2
DA:129,1
DA:130,1
DA:132,1
DA:133,1
DA:136,1
DA:137,1
DA:148,0
DA:150,1
DA:152,1
DA:153,0
DA:154,0
DA:155,0
DA:162,0
DA:164,0
DA:165,0
DA:167,0
DA:170,0
DA:172,0
DA:174,0
DA:175,0
DA:176,0
DA:180,0
DA:192,1
DA:193,1
DA:200,3
DA:201,1
DA:203,1
DA:208,1
DA:209,0
DA:211,0
DA:218,1
DA:219,1
DA:220,0
DA:223,1
DA:224,0
DA:225,0
DA:226,0
DA:228,0
DA:229,0
DA:231,0
DA:234,0
DA:235,0
DA:236,0
DA:237,0
DA:238,0
DA:240,0
DA:243,0
DA:260,1
DA:261,1
DA:262,3
DA:265,1
DA:266,0
DA:269,0
DA:270,0
DA:271,0
DA:272,0
DA:276,0
DA:278,0
DA:281,0
DA:282,0
DA:283,0
DA:284,0
DA:285,0
DA:286,0
DA:287,0
DA:288,0
DA:289,0
DA:290,0
DA:291,0
DA:292,0
DA:294,0
DA:297,0
DA:298,0
DA:299,0
DA:300,0
DA:301,0
DA:302,0
DA:304,0
DA:305,0
DA:306,0
DA:307,0
DA:308,0
DA:309,0
DA:310,0
DA:312,0
DA:315,0
DA:316,0
DA:317,0
DA:318,0
DA:321,0
DA:324,0
DA:326,0
DA:327,0
DA:329,0
DA:330,0
DA:335,0
DA:338,0
DA:339,0
DA:341,0
DA:342,0
DA:343,0
DA:344,0
DA:346,0
DA:347,0
DA:348,0
DA:349,0
DA:350,0
DA:351,0
DA:352,0
DA:353,0
DA:354,0
DA:356,0
DA:358,0
DA:361,0
DA:365,0
DA:366,0
DA:368,0
DA:371,0
DA:372,0
DA:376,0
DA:380,0
DA:382,0
DA:383,0
DA:384,0
DA:387,0
DA:388,0
DA:389,0
DA:393,0
DA:401,0
DA:403,0
DA:408,0
DA:409,0
DA:410,0
DA:411,0
DA:416,0
DA:417,0
DA:418,0
DA:419,0
DA:420,0
DA:421,0
DA:426,0
DA:427,0
DA:434,0
DA:435,0
DA:436,0
DA:437,0
DA:438,0
DA:439,0
DA:440,0
DA:441,0
DA:442,0
DA:444,0
DA:445,0
DA:447,0
DA:449,0
DA:450,0
DA:452,0
DA:453,0
DA:454,0
DA:455,0
DA:457,0
DA:459,0
DA:462,2
DA:464,2
DA:465,2
DA:467,2
DA:469,2
DA:470,2
DA:472,2
DA:477,2
DA:478,2
DA:479,2
DA:480,4
DA:481,2
DA:482,2
DA:483,2
DA:485,2
DA:487,2
DA:509,2
DA:514,2
DA:515,2
DA:516,2
DA:518,2
DA:521,2
DA:526,2
DA:527,2
DA:528,2
DA:541,2
DA:542,0
DA:544,0
DA:545,0
DA:554,2
DA:557,2
DA:558,4
DA:567,2
DA:580,0
DA:581,0
DA:582,0
DA:583,0
DA:585,0
DA:588,0
DA:589,0
DA:605,0
DA:606,0
DA:607,0
DA:609,0
DA:610,0
DA:611,0
DA:612,0
DA:614,0
DA:615,0
DA:616,0
DA:617,0
DA:618,0
DA:625,0
DA:626,0
DA:628,0
DA:629,0
DA:638,0
DA:639,0
DA:640,0
DA:642,0
DA:645,0
DA:646,0
DA:651,0
DA:652,0
DA:654,0
DA:656,0
DA:657,0
DA:658,0
DA:659,0
DA:660,0
DA:661,0
DA:662,0
DA:668,0
DA:670,0
DA:671,0
DA:672,0
DA:678,0
DA:679,0
DA:680,0
DA:687,0
DA:688,0
DA:697,0
DA:698,0
DA:699,0
DA:702,0
DA:704,0
DA:705,0
DA:706,0
DA:707,0
DA:713,0
DA:715,0
DA:732,0
DA:733,0
DA:745,0
DA:747,0
DA:749,0
DA:750,0
DA:751,0
DA:752,0
DA:753,0
DA:755,0
DA:757,0
DA:759,0
DA:766,0
DA:768,0
DA:770,0
DA:772,0
DA:774,0
DA:776,0
DA:778,0
DA:780,0
DA:800,0
DA:817,0
DA:825,0
DA:826,0
DA:827,0
LF:323
LH:72
end_of_record
SF:lib\pages\note_editor_page.dart
DA:10,3
DA:17,0
DA:18,0
DA:27,0
DA:29,0
DA:30,0
DA:31,0
DA:32,0
DA:34,0
DA:35,0
DA:39,0
DA:40,0
DA:42,0
DA:43,0
DA:44,0
DA:45,0
DA:46,0
DA:48,0
DA:49,0
DA:50,0
DA:51,0
DA:55,0
DA:56,0
DA:57,0
DA:61,0
DA:65,0
DA:66,0
DA:67,0
DA:69,0
DA:70,0
DA:76,0
DA:78,0
DA:79,0
DA:81,0
DA:83,0
DA:86,0
DA:87,0
DA:90,0
DA:91,0
DA:99,0
DA:100,0
DA:103,0
DA:106,0
DA:107,0
DA:108,0
DA:112,0
DA:116,0
DA:118,0
DA:119,0
DA:120,0
DA:123,0
DA:125,0
DA:127,0
DA:128,0
DA:129,0
DA:130,0
DA:131,0
DA:132,0
DA:146,0
DA:148,0
DA:153,0
DA:155,0
DA:156,0
DA:157,0
DA:159,0
DA:160,0
DA:161,0
DA:162,0
DA:173,0
DA:174,0
DA:175,0
DA:187,0
DA:190,0
DA:191,0
DA:192,0
DA:193,0
LF:76
LH:1
end_of_record
SF:lib\pages\note_list_page.dart
DA:7,3
DA:9,1
DA:10,1
DA:18,1
DA:20,1
DA:21,1
DA:24,1
DA:26,3
DA:28,4
DA:33,0
DA:34,0
DA:35,0
DA:36,0
DA:37,0
DA:38,0
DA:39,0
DA:41,0
DA:42,0
DA:43,0
DA:44,0
DA:48,0
DA:49,0
DA:50,0
DA:52,0
DA:57,1
DA:59,1
DA:60,1
DA:64,1
DA:65,1
DA:67,1
DA:71,1
DA:73,2
DA:74,1
DA:75,1
DA:77,1
DA:89,1
DA:92,1
DA:96,0
DA:101,0
DA:103,0
DA:104,0
DA:105,0
DA:106,0
DA:108,0
DA:109,0
DA:110,0
DA:111,0
DA:113,0
DA:115,0
DA:118,0
DA:119,0
DA:121,0
DA:122,0
DA:124,0
DA:125,0
DA:126,0
DA:132,0
DA:138,0
DA:140,0
DA:141,0
DA:142,0
DA:146,0
DA:147,0
DA:151,0
DA:152,0
DA:154,0
DA:155,0
DA:161,0
DA:166,1
DA:167,0
DA:174,0
DA:175,0
DA:177,0
DA:178,0
DA:182,0
LF:75
LH:23
end_of_record
SF:lib\pages\real_world_danshari_page.dart
DA:16,1
DA:20,1
DA:22,1
DA:23,1
DA:32,1
DA:33,2
DA:35,1
DA:37,3
DA:44,1
DA:45,2
DA:46,1
DA:47,1
DA:50,1
DA:53,1
DA:54,3
DA:55,3
DA:61,1
DA:62,2
DA:63,1
DA:67,1
DA:70,3
DA:72,1
DA:79,1
DA:80,1
DA:81,1
DA:84,2
DA:85,2
DA:86,2
DA:89,2
DA:92,1
DA:93,3
DA:94,3
DA:98,1
DA:99,2
DA:100,1
DA:107,1
DA:110,1
DA:111,1
DA:113,1
DA:114,1
DA:118,1
DA:120,1
DA:122,1
DA:124,1
DA:125,1
DA:148,1
DA:149,1
DA:151,1
DA:152,1
DA:153,1
DA:154,1
DA:155,2
DA:161,1
DA:163,1
DA:164,1
DA:165,1
DA:166,1
DA:168,1
DA:169,1
DA:171,2
DA:176,1
DA:179,1
DA:181,1
DA:182,1
DA:184,3
DA:187,1
DA:196,1
DA:198,3
DA:201,1
DA:213,1
DA:216,1
DA:217,0
DA:220,1
DA:221,1
DA:228,1
DA:230,2
DA:231,1
DA:236,1
DA:238,2
DA:239,1
DA:240,1
DA:241,1
DA:244,1
DA:249,1
DA:259,1
DA:261,1
DA:263,1
DA:264,1
DA:265,2
DA:273,1
DA:274,1
DA:279,1
DA:280,3
DA:281,1
DA:283,3
DA:296,1
DA:297,2
DA:301,1
DA:303,1
DA:304,1
DA:305,1
DA:307,2
DA:309,1
DA:311,1
DA:314,1
DA:315,1
DA:316,2
DA:317,1
DA:319,1
LF:109
LH:108
end_of_record
SF:lib\pages\morning_briefing_page.dart
DA:19,3
DA:21,0
DA:22,0
DA:101,0
DA:103,0
DA:104,0
DA:105,0
DA:106,0
DA:107,0
DA:108,0
DA:109,0
DA:111,0
DA:112,0
DA:116,0
DA:117,0
DA:118,0
DA:119,0
DA:120,0
DA:121,0
DA:123,0
DA:124,0
DA:125,0
DA:126,0
DA:129,0
DA:130,0
DA:131,0
DA:132,0
DA:136,0
DA:137,0
DA:138,0
DA:139,0
DA:140,0
DA:145,0
DA:146,0
DA:147,0
DA:148,0
DA:149,0
DA:150,0
DA:151,0
DA:152,0
DA:156,0
DA:157,0
DA:158,0
DA:163,0
DA:164,0
DA:166,0
DA:167,0
DA:176,0
DA:177,0
DA:178,0
DA:179,0
DA:184,0
DA:186,0
DA:187,0
DA:188,0
DA:189,0
DA:190,0
DA:191,0
DA:192,0
DA:193,0
DA:196,0
DA:197,0
DA:198,0
DA:199,0
DA:200,0
DA:204,0
DA:205,0
DA:208,0
DA:209,0
DA:214,0
DA:217,0
DA:220,0
DA:221,0
DA:222,0
DA:223,0
DA:224,0
DA:225,0
DA:230,0
DA:234,0
DA:235,0
DA:236,0
DA:237,0
DA:238,0
DA:239,0
DA:243,0
DA:244,0
DA:246,0
DA:248,0
DA:251,0
DA:252,0
DA:253,0
DA:254,0
DA:255,0
DA:257,0
DA:259,0
DA:260,0
DA:263,0
DA:267,0
DA:271,0
DA:272,0
DA:273,0
DA:275,0
DA:276,0
DA:277,0
DA:278,0
DA:281,0
DA:282,0
DA:289,0
DA:290,0
DA:294,0
DA:295,0
DA:296,0
DA:300,0
DA:301,0
DA:302,0
DA:304,0
DA:305,0
DA:306,0
DA:307,0
DA:313,0
DA:314,0
DA:315,0
DA:316,0
DA:324,0
DA:325,0
DA:327,0
DA:328,0
DA:329,0
DA:331,0
DA:332,0
DA:333,0
DA:338,0
DA:339,0
DA:340,0
DA:341,0
DA:342,0
DA:343,0
DA:344,0
DA:347,0
DA:350,0
DA:351,0
DA:352,0
DA:353,0
DA:354,0
DA:355,0
DA:360,0
DA:361,0
DA:362,0
DA:363,0
DA:368,0
DA:372,0
DA:377,0
DA:380,0
DA:384,0
DA:385,0
DA:386,0
DA:390,0
DA:391,0
DA:392,0
DA:393,0
DA:398,0
DA:402,0
DA:403,0
DA:404,0
DA:405,0
DA:406,0
DA:407,0
DA:409,0
DA:410,0
DA:411,0
DA:412,0
DA:413,0
DA:414,0
DA:415,0
DA:418,0
DA:419,0
DA:420,0
DA:421,0
DA:429,0
DA:438,0
DA:443,0
DA:444,0
DA:445,0
DA:448,0
DA:449,0
DA:453,0
DA:454,0
DA:470,0
DA:471,0
DA:472,0
DA:473,0
DA:474,0
DA:476,0
DA:478,0
DA:481,0
DA:490,0
DA:493,0
DA:504,0
DA:505,0
DA:506,0
DA:509,0
DA:510,0
DA:517,0
DA:519,0
DA:520,0
DA:522,0
DA:523,0
DA:528,0
DA:533,0
DA:534,0
DA:536,0
DA:537,0
DA:540,0
DA:541,0
DA:542,0
DA:543,0
DA:545,0
DA:547,0
DA:548,0
DA:551,0
DA:553,0
DA:556,0
DA:557,0
DA:558,0
DA:559,0
DA:560,0
DA:561,0
DA:568,0
DA:570,0
DA:573,0
DA:575,0
DA:578,0
DA:581,0
DA:583,0
DA:585,0
DA:586,0
DA:587,0
DA:592,0
DA:594,0
DA:595,0
DA:596,0
DA:604,0
DA:606,0
DA:607,0
DA:608,0
DA:610,0
DA:611,0
DA:612,0
DA:613,0
DA:619,0
DA:620,0
DA:623,0
DA:624,0
DA:631,0
DA:632,0
DA:633,0
DA:634,0
DA:637,0
DA:638,0
DA:641,0
DA:650,0
DA:657,0
DA:658,0
DA:659,0
DA:660,0
DA:661,0
DA:663,0
DA:665,0
DA:666,0
DA:675,0
DA:676,0
DA:678,0
DA:679,0
DA:680,0
DA:682,0
DA:683,0
DA:684,0
DA:686,0
DA:689,0
DA:695,0
DA:697,0
DA:698,0
DA:702,0
DA:704,0
DA:705,0
DA:713,0
DA:727,0
DA:728,0
DA:732,0
DA:740,0
DA:741,0
DA:742,0
DA:743,0
DA:744,0
DA:745,0
DA:746,0
DA:751,0
DA:755,0
DA:756,0
DA:757,0
DA:761,0
DA:778,0
DA:781,0
DA:789,0
DA:790,0
DA:791,0
DA:792,0
DA:793,0
DA:794,0
DA:797,0
DA:798,0
DA:802,0
DA:803,0
DA:804,0
DA:807,0
DA:808,0
DA:809,0
DA:810,0
DA:812,0
DA:813,0
DA:814,0
DA:816,0
DA:821,0
DA:822,0
DA:824,0
DA:825,0
DA:826,0
DA:827,0
DA:842,0
DA:843,0
DA:844,0
DA:845,0
DA:846,0
DA:847,0
DA:848,0
DA:849,0
DA:850,0
DA:851,0
DA:852,0
DA:853,0
DA:854,0
DA:856,0
DA:858,0
DA:859,0
DA:863,0
DA:864,0
DA:865,0
DA:866,0
DA:867,0
DA:869,0
DA:871,0
DA:872,0
DA:873,0
DA:874,0
DA:875,0
DA:877,0
DA:879,0
DA:882,0
DA:883,0
DA:884,0
DA:888,0
DA:889,0
DA:890,0
DA:891,0
DA:892,0
DA:893,0
DA:894,0
DA:895,0
DA:897,0
DA:898,0
DA:900,0
DA:906,0
DA:908,0
DA:909,0
DA:910,0
DA:914,0
DA:915,0
DA:916,0
DA:917,0
DA:918,0
DA:926,0
DA:927,0
DA:928,0
DA:929,0
DA:934,0
DA:936,0
DA:937,0
DA:938,0
DA:939,0
DA:945,0
DA:947,0
DA:948,0
DA:949,0
DA:950,0
DA:951,0
DA:952,0
DA:953,0
DA:954,0
DA:955,0
DA:961,0
DA:962,0
DA:964,0
DA:965,0
DA:966,0
DA:967,0
DA:968,0
DA:969,0
DA:970,0
DA:973,0
DA:975,0
DA:976,0
DA:978,0
DA:980,0
DA:987,0
DA:989,0
DA:1000,0
DA:1001,0
DA:1002,0
DA:1012,0
DA:1013,0
DA:1015,0
DA:1016,0
DA:1017,0
DA:1019,0
DA:1020,0
DA:1024,0
DA:1025,0
DA:1030,0
DA:1033,0
DA:1036,0
DA:1037,0
DA:1038,0
DA:1039,0
DA:1040,0
DA:1041,0
DA:1046,0
DA:1048,0
DA:1050,0
DA:1051,0
DA:1057,0
DA:1059,0
DA:1064,0
DA:1065,0
DA:1067,0
DA:1068,0
DA:1069,0
DA:1071,0
DA:1072,0
DA:1073,0
DA:1074,0
DA:1075,0
DA:1076,0
DA:1077,0
DA:1080,0
DA:1081,0
DA:1085,0
DA:1086,0
DA:1087,0
DA:1089,0
DA:1090,0
DA:1094,0
DA:1095,0
DA:1096,0
DA:1101,0
DA:1103,0
DA:1105,0
DA:1106,0
DA:1112,0
DA:1113,0
DA:1114,0
DA:1117,0
DA:1121,0
DA:1122,0
DA:1123,0
DA:1124,0
DA:1126,0
DA:1127,0
DA:1130,0
DA:1131,0
DA:1132,0
DA:1134,0
DA:1135,0
DA:1136,0
DA:1137,0
DA:1138,0
DA:1139,0
DA:1141,0
DA:1142,0
DA:1145,0
DA:1149,0
DA:1151,0
DA:1152,0
DA:1153,0
DA:1154,0
DA:1156,0
DA:1157,0
DA:1164,0
DA:1165,0
DA:1166,0
DA:1180,0
DA:1183,0
DA:1184,0
DA:1185,0
DA:1187,0
DA:1188,0
DA:1189,0
DA:1191,0
DA:1204,0
DA:1205,0
DA:1206,0
DA:1209,0
DA:1210,0
DA:1211,0
DA:1212,0
DA:1222,0
DA:1223,0
DA:1224,0
DA:1231,0
DA:1235,0
DA:1236,0
DA:1237,0
DA:1238,0
DA:1239,0
DA:1241,0
DA:1243,0
DA:1246,0
DA:1256,0
DA:1257,0
DA:1258,0
DA:1261,0
DA:1262,0
DA:1263,0
DA:1264,0
DA:1265,0
DA:1275,0
DA:1277,0
DA:1278,0
DA:1280,0
DA:1281,0
DA:1282,0
DA:1283,0
DA:1284,0
DA:1285,0
DA:1286,0
DA:1287,0
DA:1288,0
DA:1291,0
DA:1292,0
DA:1294,0
DA:1298,0
DA:1300,0
DA:1303,0
DA:1304,0
DA:1305,0
DA:1306,0
DA:1308,0
DA:1311,0
DA:1312,0
DA:1315,0
DA:1316,0
DA:1317,0
DA:1318,0
DA:1319,0
DA:1321,0
DA:1322,0
DA:1324,0
DA:1327,0
DA:1338,0
DA:1340,0
DA:1342,0
DA:1343,0
DA:1344,0
DA:1345,0
DA:1350,0
DA:1352,0
DA:1353,0
DA:1355,0
DA:1359,0
DA:1361,0
DA:1363,0
DA:1364,0
DA:1365,0
DA:1369,0
DA:1379,0
DA:1380,0
DA:1386,0
DA:1387,0
DA:1389,0
DA:1391,0
DA:1392,0
DA:1394,0
DA:1398,0
DA:1399,0
DA:1410,0
DA:1411,0
DA:1412,0
DA:1413,0
DA:1414,0
DA:1418,0
DA:1419,0
DA:1422,0
DA:1423,0
DA:1424,0
DA:1425,0
DA:1426,0
DA:1427,0
DA:1428,0
DA:1430,0
DA:1433,0
DA:1434,0
DA:1435,0
DA:1436,0
DA:1437,0
DA:1438,0
DA:1441,0
DA:1444,0
DA:1455,0
DA:1456,0
DA:1457,0
DA:1458,0
DA:1460,0
DA:1461,0
DA:1462,0
DA:1463,0
DA:1464,0
DA:1465,0
DA:1467,0
DA:1468,0
DA:1470,0
DA:1473,0
DA:1474,0
DA:1475,0
DA:1476,0
DA:1478,0
DA:1479,0
DA:1480,0
DA:1481,0
DA:1483,0
DA:1484,0
DA:1487,0
DA:1490,0
DA:1491,0
DA:1492,0
DA:1493,0
DA:1495,0
DA:1498,0
DA:1500,0
DA:1501,0
DA:1510,0
DA:1511,0
DA:1512,0
DA:1513,0
DA:1515,0
DA:1517,0
DA:1518,0
DA:1519,0
DA:1520,0
DA:1522,0
DA:1525,0
DA:1553,0
DA:1554,0
DA:1555,0
DA:1556,0
DA:1557,0
DA:1564,0
DA:1565,0
DA:1573,0
DA:1576,0
DA:1578,0
DA:1579,0
DA:1580,0
DA:1581,0
DA:1582,0
DA:1585,0
DA:1587,0
DA:1589,0
DA:1590,0
DA:1591,0
DA:1593,0
DA:1594,0
DA:1596,0
DA:1600,0
DA:1602,0
DA:1611,0
DA:1613,0
DA:1614,0
DA:1615,0
DA:1616,0
DA:1618,0
DA:1619,0
DA:1621,0
DA:1622,0
DA:1630,0
DA:1637,0
DA:1641,0
DA:1642,0
DA:1644,0
DA:1645,0
DA:1648,0
DA:1651,0
DA:1654,0
DA:1662,0
DA:1664,0
DA:1665,0
DA:1667,0
DA:1670,0
DA:1671,0
DA:1673,0
DA:1675,0
DA:1676,0
DA:1679,0
DA:1680,0
DA:1681,0
DA:1690,0
DA:1692,0
DA:1693,0
DA:1695,0
DA:1702,0
DA:1703,0
DA:1704,0
DA:1705,0
DA:1707,0
DA:1722,0
DA:1723,0
DA:1724,0
DA:1725,0
DA:1735,0
DA:1741,0
DA:1743,0
DA:1745,0
DA:1746,0
DA:1747,0
DA:1749,0
DA:1753,0
DA:1763,0
DA:1764,0
DA:1766,0
DA:1767,0
DA:1771,0
DA:1774,0
DA:1778,0
DA:1781,0
DA:1782,0
DA:1783,0
DA:1784,0
DA:1785,0
DA:1788,0
DA:1790,0
DA:1791,0
DA:1792,0
DA:1793,0
DA:1797,0
DA:1798,0
DA:1799,0
DA:1800,0
DA:1804,0
DA:1805,0
DA:1806,0
DA:1812,0
DA:1813,0
DA:1814,0
DA:1815,0
DA:1816,0
DA:1817,0
DA:1821,0
DA:1825,0
DA:1827,0
DA:1830,0
DA:1831,0
DA:1834,0
DA:1835,0
DA:1837,0
DA:1838,0
DA:1840,0
DA:1844,0
DA:1845,0
DA:1851,0
DA:1854,0
DA:1855,0
DA:1856,0
DA:1857,0
DA:1859,0
DA:1862,0
DA:1863,0
DA:1864,0
DA:1871,0
DA:1873,0
DA:1875,0
DA:1877,0
DA:1879,0
DA:1880,0
DA:1881,0
DA:1882,0
DA:1887,0
DA:1888,0
DA:1897,0
DA:1898,0
DA:1900,0
DA:1901,0
DA:1910,0
DA:1912,0
DA:1913,0
DA:1914,0
DA:1916,0
DA:1917,0
DA:1919,0
DA:1920,0
DA:1921,0
DA:1922,0
DA:1923,0
DA:1924,0
DA:1928,0
DA:1929,0
DA:1936,0
DA:1937,0
DA:1939,0
DA:1941,0
DA:1945,0
DA:1946,0
DA:1947,0
DA:1961,0
DA:1963,0
DA:1965,0
DA:1966,0
DA:1968,0
DA:1973,0
DA:1974,0
DA:1982,0
DA:1986,0
DA:1988,0
DA:1990,0
DA:1991,0
DA:1993,0
DA:1995,0
DA:2002,0
DA:2003,0
DA:2019,0
DA:2021,0
DA:2022,0
DA:2023,0
DA:2024,0
DA:2025,0
DA:2031,0
DA:2034,0
DA:2035,0
DA:2036,0
DA:2039,0
DA:2041,0
DA:2044,0
DA:2045,0
DA:2047,0
DA:2052,0
DA:2053,0
DA:2054,0
DA:2057,0
DA:2071,0
DA:2072,0
DA:2073,0
DA:2077,0
DA:2078,0
DA:2079,0
DA:2082,0
DA:2083,0
DA:2084,0
DA:2085,0
DA:2086,0
DA:2087,0
DA:2088,0
DA:2090,0
DA:2094,0
DA:2097,0
DA:2098,0
DA:2100,0
DA:2105,0
DA:2106,0
DA:2107,0
DA:2110,0
DA:2120,0
DA:2121,0
DA:2123,0
DA:2126,0
DA:2127,0
DA:2128,0
DA:2131,0
DA:2132,0
DA:2133,0
DA:2134,0
DA:2135,0
DA:2136,0
DA:2137,0
DA:2140,0
DA:2143,0
DA:2144,0
DA:2151,0
DA:2152,0
DA:2153,0
DA:2154,0
DA:2156,0
DA:2158,0
DA:2173,0
DA:2174,0
DA:2176,0
DA:2177,0
DA:2178,0
DA:2179,0
DA:2180,0
DA:2185,0
DA:2186,0
DA:2187,0
DA:2188,0
DA:2189,0
DA:2190,0
DA:2197,0
DA:2199,0
DA:2214,0
DA:2215,0
DA:2216,0
DA:2218,0
DA:2220,0
DA:2221,0
DA:2222,0
DA:2223,0
DA:2224,0
DA:2230,0
DA:2231,0
DA:2232,0
DA:2243,0
DA:2244,0
DA:2245,0
DA:2246,0
DA:2247,0
DA:2248,0
DA:2249,0
DA:2251,0
DA:2253,0
DA:2256,0
DA:2258,0
DA:2264,0
DA:2265,0
DA:2267,0
DA:2271,0
DA:2272,0
DA:2275,0
DA:2276,0
DA:2283,0
DA:2291,0
DA:2292,0
DA:2293,0
DA:2294,0
DA:2299,0
DA:2302,0
DA:2304,0
DA:2305,0
DA:2308,0
DA:2316,0
DA:2320,0
DA:2335,0
DA:2337,0
DA:2338,0
DA:2355,0
DA:2360,0
DA:2361,0
DA:2362,0
DA:2363,0
DA:2364,0
DA:2365,0
DA:2366,0
DA:2367,0
DA:2368,0
DA:2369,0
DA:2370,0
DA:2373,0
DA:2374,0
DA:2380,0
DA:2381,0
DA:2382,0
DA:2389,0
DA:2390,0
DA:2392,0
DA:2394,0
DA:2395,0
DA:2396,0
DA:2405,0
DA:2407,0
DA:2412,0
DA:2413,0
DA:2414,0
DA:2415,0
DA:2417,0
DA:2420,0
DA:2421,0
DA:2424,0
DA:2425,0
DA:2426,0
DA:2429,0
DA:2430,0
DA:2432,0
DA:2435,0
DA:2437,0
DA:2439,0
DA:2441,0
DA:2448,0
DA:2449,0
DA:2456,0
DA:2465,0
DA:2466,0
DA:2469,0
DA:2470,0
DA:2477,0
DA:2485,0
DA:2486,0
DA:2487,0
DA:2488,0
DA:2490,0
DA:2509,0
DA:2524,0
DA:2526,0
DA:2528,0
DA:2529,0
DA:2530,0
DA:2532,0
DA:2533,0
DA:2535,0
DA:2544,0
DA:2545,0
DA:2547,0
DA:2556,0
DA:2557,0
DA:2559,0
DA:2560,0
DA:2561,0
DA:2562,0
DA:2563,0
DA:2564,0
DA:2567,0
DA:2571,0
DA:2572,0
DA:2580,0
DA:2582,0
DA:2583,0
DA:2584,0
DA:2588,0
DA:2589,0
DA:2593,0
DA:2596,0
DA:2607,0
DA:2608,0
DA:2610,0
DA:2616,0
DA:2617,0
DA:2618,0
DA:2619,0
DA:2622,0
DA:2623,0
DA:2624,0
DA:2627,0
DA:2628,0
DA:2629,0
DA:2638,0
DA:2639,0
LF:1060
LH:1
end_of_record
SF:lib\widgets\note_editor\ai_assistant_menu.dart
DA:10,0
DA:16,0
DA:17,0
DA:23,0
DA:25,0
DA:27,0
DA:28,0
DA:30,0
DA:31,0
DA:33,0
DA:34,0
DA:35,0
DA:41,0
DA:53,0
DA:54,0
DA:55,0
DA:63,0
DA:64,0
DA:66,0
DA:67,0
DA:69,0
DA:71,0
DA:75,0
DA:77,0
DA:78,0
DA:79,0
DA:80,0
DA:81,0
DA:85,0
DA:86,0
DA:87,0
DA:92,0
DA:93,0
DA:94,0
DA:98,0
DA:99,0
LF:36
LH:0
end_of_record
SF:lib\services\cfo_service.dart
DA:7,0
DA:8,0
DA:11,0
DA:16,0
DA:17,0
DA:18,0
DA:19,0
LF:7
LH:0
end_of_record
SF:lib\services\import_service.dart
DA:7,1
DA:9,1
DA:10,2
DA:13,0
DA:14,0
DA:18,0
DA:19,0
DA:20,0
DA:23,1
DA:29,2
DA:30,2
DA:31,2
LF:12
LH:7
end_of_record
