SF:lib\models\app_timer.dart
DA:25,1
DA:42,1
DA:43,1
DA:44,1
DA:45,1
DA:46,1
DA:47,1
DA:48,1
DA:49,2
DA:50,1
DA:51,2
DA:53,2
DA:54,1
DA:55,1
DA:56,1
DA:57,2
DA:58,2
DA:63,1
DA:64,1
DA:65,1
DA:66,1
DA:67,1
DA:68,1
DA:69,1
DA:70,2
DA:71,2
DA:72,2
DA:73,1
DA:74,1
DA:75,1
DA:76,2
DA:77,2
DA:82,1
DA:97,1
DA:98,1
DA:99,1
DA:100,1
DA:101,1
DA:102,1
DA:103,1
DA:104,1
DA:105,1
DA:106,1
DA:107,1
DA:108,1
DA:109,1
DA:110,1
DA:115,1
DA:117,1
DA:119,1
DA:121,1
DA:123,1
DA:131,1
DA:133,1
DA:135,1
DA:137,1
DA:139,1
LF:57
LH:57
end_of_record
SF:lib\models\board_meeting_model.dart
DA:10,1
DA:18,1
DA:19,1
DA:20,1
DA:21,1
DA:22,1
DA:23,1
DA:24,2
DA:25,0
DA:26,1
DA:27,1
DA:28,3
DA:29,1
DA:30,0
DA:42,1
DA:50,1
DA:51,1
DA:52,1
DA:53,1
DA:54,1
DA:55,1
DA:56,1
DA:57,2
DA:58,0
LF:24
LH:21
end_of_record
SF:lib\models\achievement.dart
DA:15,1
DA:30,2
DA:38,3
LF:3
LH:3
end_of_record
SF:lib\models\board_meeting.dart
DA:11,1
DA:28,1
DA:36,0
DA:37,0
DA:42,0
LF:5
LH:2
end_of_record
SF:lib\pages\emergency_meeting_page.dart
DA:14,4
DA:16,2
DA:17,2
DA:94,1
DA:95,2
DA:97,2
DA:99,2
DA:100,2
DA:105,2
DA:106,2
DA:107,2
DA:108,4
DA:109,4
DA:112,2
DA:114,0
DA:117,6
DA:118,0
DA:124,0
DA:126,0
DA:127,0
DA:129,0
DA:130,0
DA:131,0
DA:132,0
DA:133,0
DA:134,0
DA:135,0
DA:136,0
DA:137,0
DA:140,0
DA:141,0
DA:143,0
DA:144,0
DA:146,0
DA:150,0
DA:152,0
DA:155,0
DA:156,0
DA:157,0
DA:159,0
DA:161,0
DA:162,0
DA:165,0
DA:166,0
DA:167,0
DA:168,0
DA:169,0
DA:171,0
DA:172,0
DA:175,0
DA:176,0
DA:187,0
DA:189,0
DA:191,0
DA:192,0
DA:193,0
DA:194,0
DA:201,0
DA:203,0
DA:204,0
DA:206,0
DA:209,0
DA:211,0
DA:213,0
DA:214,0
DA:215,0
DA:219,0
DA:231,0
DA:232,0
DA:239,0
DA:240,0
DA:242,0
DA:247,0
DA:248,0
DA:250,0
DA:257,0
DA:258,0
DA:259,0
DA:262,0
DA:263,0
DA:264,0
DA:265,0
DA:269,0
DA:270,0
DA:272,0
DA:275,0
DA:276,0
DA:277,0
DA:278,0
DA:279,0
DA:281,0
DA:284,0
DA:301,1
DA:302,3
DA:303,0
DA:306,0
DA:307,0
DA:310,2
DA:311,1
DA:312,1
DA:313,1
DA:317,4
DA:319,0
DA:322,2
DA:323,4
DA:324,1
DA:325,1
DA:326,1
DA:327,1
DA:328,1
DA:329,1
DA:330,1
DA:331,1
DA:332,1
DA:333,1
DA:335,1
DA:338,1
DA:339,1
DA:340,1
DA:341,1
DA:342,1
DA:343,1
DA:345,1
DA:346,1
DA:347,2
DA:348,2
DA:349,2
DA:350,2
DA:351,2
DA:353,3
DA:355,2
DA:356,1
DA:357,1
DA:362,0
DA:365,3
DA:368,1
DA:369,1
DA:370,1
DA:371,4
DA:372,1
DA:374,1
DA:378,1
DA:379,1
DA:380,1
DA:382,2
DA:384,1
DA:385,1
DA:386,1
DA:387,1
DA:388,1
DA:389,1
DA:391,1
DA:393,1
DA:394,1
DA:399,1
DA:402,3
DA:403,1
DA:405,1
DA:406,1
DA:407,3
DA:408,3
DA:410,2
DA:411,0
DA:412,1
DA:413,1
DA:414,1
DA:415,0
DA:416,1
DA:417,0
DA:418,0
DA:420,2
DA:422,2
DA:425,4
DA:429,0
DA:430,0
DA:432,0
DA:435,0
DA:436,0
DA:440,0
DA:444,0
DA:446,0
DA:447,0
DA:448,0
DA:451,0
DA:452,0
DA:453,0
DA:457,0
DA:465,0
DA:467,0
DA:472,0
DA:473,0
DA:474,0
DA:475,0
DA:480,0
DA:481,0
DA:482,0
DA:483,0
DA:484,0
DA:486,0
DA:487,0
DA:492,0
DA:493,0
DA:500,1
DA:501,1
DA:502,1
DA:503,2
DA:504,1
DA:505,1
DA:506,1
DA:507,1
DA:508,2
DA:510,1
DA:511,1
DA:513,1
DA:515,3
DA:516,1
DA:518,1
DA:519,1
DA:520,1
DA:521,2
DA:523,1
DA:525,3
DA:528,2
DA:530,2
DA:531,2
DA:533,2
DA:535,2
DA:536,2
DA:538,2
DA:543,2
DA:544,2
DA:545,2
DA:546,4
DA:547,2
DA:548,2
DA:549,2
DA:551,2
DA:553,2
DA:575,2
DA:580,2
DA:581,2
DA:582,2
DA:584,2
DA:587,2
DA:592,2
DA:593,2
DA:594,2
DA:607,2
DA:608,1
DA:610,1
DA:611,1
DA:620,2
DA:623,2
DA:624,4
DA:633,2
DA:646,1
DA:647,0
DA:648,0
DA:649,0
DA:651,0
DA:654,0
DA:655,0
DA:671,1
DA:672,1
DA:673,1
DA:675,4
DA:676,1
DA:677,1
DA:678,1
DA:680,1
DA:681,1
DA:682,10
DA:683,1
DA:684,1
DA:691,5
DA:692,1
DA:694,4
DA:695,1
DA:704,1
DA:705,2
DA:706,2
DA:708,1
DA:711,1
DA:712,1
DA:717,1
DA:718,1
DA:720,1
DA:722,1
DA:723,1
DA:724,1
DA:725,1
DA:726,2
DA:727,1
DA:728,2
DA:734,1
DA:736,1
DA:737,1
DA:738,1
DA:744,1
DA:745,1
DA:746,2
DA:753,1
DA:754,1
DA:763,1
DA:764,2
DA:765,1
DA:768,1
DA:770,1
DA:771,1
DA:772,1
DA:773,1
DA:779,1
DA:781,1
DA:798,1
DA:799,2
DA:811,1
DA:813,1
DA:815,0
DA:816,0
DA:817,0
DA:818,0
DA:819,0
DA:821,0
DA:823,0
DA:825,0
DA:832,1
DA:834,1
DA:836,0
DA:838,0
DA:840,0
DA:842,0
DA:844,0
DA:846,0
LF:333
LH:198
end_of_record
SF:lib\services\ai_model_service.dart
DA:4,1
DA:6,2
DA:9,1
DA:13,0
DA:18,0
DA:19,0
DA:20,0
DA:21,0
LF:8
LH:3
end_of_record
SF:lib\main.dart
DA:18,1
DA:22,1
DA:24,0
DA:25,0
DA:27,0
DA:28,0
DA:29,0
DA:31,0
DA:37,0
DA:38,0
DA:39,0
DA:40,0
DA:41,0
DA:42,0
DA:50,3
DA:52,1
DA:54,4
DA:56,1
DA:57,1
DA:58,1
DA:59,1
DA:60,1
DA:62,1
DA:63,2
DA:69,1
DA:71,1
DA:72,1
DA:73,1
DA:74,2
DA:79,1
DA:88,3
DA:90,1
DA:92,1
DA:94,1
DA:97,1
DA:98,1
DA:99,1
DA:108,1
DA:109,2
DA:111,1
DA:112,1
DA:113,1
DA:114,4
DA:118,1
DA:119,0
DA:120,1
DA:121,1
DA:122,1
DA:124,1
DA:125,2
DA:127,2
LF:51
LH:38
end_of_record
SF:lib\services\gamification_service.dart
DA:6,2
DA:22,2
DA:23,2
DA:24,2
DA:25,2
DA:26,2
DA:27,2
DA:29,1
DA:30,7
DA:32,2
DA:33,1
DA:35,1
DA:36,1
DA:40,1
DA:41,3
DA:42,1
DA:45,1
DA:49,1
DA:50,1
DA:51,1
LF:20
LH:20
end_of_record
SF:lib\services\notification_service.dart
DA:9,0
DA:11,0
DA:31,0
DA:34,0
DA:48,0
DA:52,0
DA:61,0
DA:62,0
DA:64,0
DA:67,0
DA:68,0
DA:69,0
DA:73,0
DA:74,0
DA:80,0
DA:81,0
LF:16
LH:0
end_of_record
SF:lib\pages\home_page.dart
DA:28,3
DA:30,2
DA:31,2
DA:37,0
DA:38,0
DA:39,0
DA:40,0
DA:42,0
DA:47,2
DA:49,2
DA:50,2
DA:51,2
DA:53,2
DA:56,2
DA:67,2
DA:68,2
DA:69,2
DA:70,0
DA:73,2
DA:75,0
DA:80,2
DA:82,2
DA:84,2
DA:85,2
DA:90,2
DA:92,2
DA:94,2
DA:100,2
DA:102,2
DA:107,2
DA:109,2
DA:110,2
DA:113,2
DA:138,0
DA:140,0
DA:141,0
DA:147,2
DA:148,4
DA:149,2
DA:153,0
DA:155,2
DA:159,0
DA:161,0
DA:162,0
DA:166,2
DA:170,0
DA:174,2
DA:179,4
DA:180,2
DA:184,0
DA:186,2
DA:190,0
DA:192,2
DA:196,0
DA:200,2
DA:201,4
DA:202,2
DA:206,0
DA:208,2
DA:212,0
DA:214,2
DA:218,0
DA:220,2
DA:224,0
DA:235,0
DA:236,0
DA:239,2
DA:240,2
DA:242,2
DA:243,2
DA:244,2
DA:246,2
DA:248,2
DA:259,2
DA:260,2
DA:262,4
DA:263,2
DA:277,0
DA:279,0
DA:280,0
DA:287,2
DA:288,2
DA:290,4
DA:291,2
DA:305,0
DA:307,0
DA:308,0
DA:315,2
DA:316,2
DA:325,2
DA:326,2
DA:327,2
DA:328,2
DA:329,4
DA:331,2
DA:332,2
DA:333,2
DA:334,2
DA:335,2
DA:337,2
DA:338,2
DA:339,2
DA:341,2
DA:342,4
DA:345,6
DA:348,2
DA:349,2
DA:350,2
DA:369,2
DA:371,2
DA:372,2
DA:373,2
DA:374,2
DA:375,2
DA:379,2
DA:381,2
DA:390,2
DA:391,2
DA:392,2
DA:393,2
DA:396,4
DA:397,2
DA:399,2
DA:402,2
DA:403,2
DA:405,2
DA:406,2
DA:407,2
DA:408,2
DA:409,2
DA:418,6
DA:422,2
DA:423,2
DA:424,2
DA:427,2
DA:441,3
DA:443,2
DA:444,2
DA:451,2
DA:453,2
DA:454,4
DA:455,4
DA:456,0
DA:457,0
DA:458,0
DA:464,2
DA:466,4
DA:467,2
DA:470,2
DA:472,2
DA:473,6
DA:484,2
DA:492,2
LF:153
LH:120
end_of_record
SF:lib\pages\onboarding_page.dart
DA:5,3
DA:7,1
DA:8,1
DA:17,1
DA:19,2
DA:20,2
DA:21,1
DA:24,0
DA:25,0
DA:26,0
DA:27,0
DA:33,0
DA:36,0
DA:40,0
DA:41,0
DA:44,0
DA:48,0
DA:49,0
DA:50,0
DA:51,0
DA:52,0
DA:58,0
DA:59,0
DA:60,0
DA:63,0
DA:65,0
DA:68,0
DA:69,0
DA:70,0
DA:73,0
DA:77,1
DA:79,1
DA:80,1
DA:81,1
DA:82,1
DA:83,1
DA:84,1
DA:85,1
DA:86,1
DA:87,0
DA:88,1
DA:89,1
DA:90,1
DA:91,1
DA:95,1
DA:103,1
DA:104,1
DA:106,1
DA:108,1
DA:122,1
DA:125,1
DA:127,1
DA:137,1
DA:138,1
DA:140,1
DA:142,1
DA:154,1
DA:158,1
DA:159,1
DA:160,1
DA:161,1
DA:165,1
DA:167,1
DA:168,1
DA:169,1
DA:177,1
DA:178,1
DA:179,1
DA:180,1
DA:182,1
DA:183,1
DA:186,2
DA:187,1
DA:193,1
DA:194,1
DA:196,1
DA:198,1
DA:215,1
DA:217,1
DA:219,2
DA:220,1
DA:234,1
DA:235,1
DA:252,1
DA:253,1
DA:255,1
DA:257,1
DA:259,1
DA:260,2
DA:261,1
DA:265,1
DA:267,2
DA:269,1
DA:275,2
DA:276,1
DA:277,0
DA:278,0
DA:286,0
DA:287,0
DA:288,0
DA:294,0
LF:101
LH:71
end_of_record
SF:lib\pages\landing_page.dart
DA:6,3
DA:8,1
DA:9,1
DA:18,0
DA:19,0
DA:20,0
DA:22,0
DA:23,0
DA:29,0
DA:31,0
DA:32,0
DA:33,0
DA:34,0
DA:35,0
DA:40,0
DA:41,0
DA:42,0
DA:43,0
DA:44,0
DA:45,0
DA:50,0
DA:51,0
DA:52,0
DA:55,0
DA:59,1
DA:61,1
DA:62,1
DA:63,1
DA:64,1
DA:66,1
DA:68,1
DA:80,1
DA:81,1
DA:90,1
DA:91,1
DA:100,1
DA:103,1
DA:104,2
DA:105,1
DA:109,1
DA:111,1
DA:112,1
DA:118,1
DA:119,0
DA:120,1
DA:121,1
LF:46
LH:24
end_of_record
SF:lib\pages\gemini_university_v2_page.dart
DA:10,3
DA:12,1
DA:13,1
DA:485,1
DA:487,1
DA:488,2
DA:491,1
DA:493,2
DA:494,1
DA:497,0
DA:498,0
DA:499,0
DA:500,0
DA:501,0
DA:502,0
DA:503,0
DA:511,0
DA:512,0
DA:513,0
DA:514,0
DA:518,0
DA:519,0
DA:520,0
DA:522,0
DA:529,0
DA:530,0
DA:535,0
DA:536,0
DA:537,0
DA:539,0
DA:560,0
DA:561,0
DA:562,0
DA:564,0
DA:565,0
DA:566,0
DA:575,1
DA:577,1
DA:578,1
DA:579,1
DA:581,1
DA:582,1
DA:586,1
DA:588,1
DA:591,0
DA:592,0
DA:594,0
DA:595,0
DA:601,1
DA:602,1
DA:612,1
DA:613,1
DA:614,1
DA:615,1
DA:616,1
DA:622,1
DA:623,1
DA:625,2
DA:626,1
DA:627,2
DA:628,3
DA:630,1
DA:633,1
DA:634,1
DA:639,1
DA:640,1
DA:642,1
DA:643,1
DA:644,1
DA:648,1
DA:649,1
DA:652,2
DA:653,1
DA:654,1
DA:656,1
DA:658,1
DA:659,1
DA:660,1
DA:661,1
DA:665,1
DA:667,1
DA:669,0
DA:672,0
DA:673,0
DA:674,0
DA:696,1
DA:697,3
DA:701,1
DA:703,1
DA:714,3
DA:715,1
DA:717,1
DA:718,0
DA:720,2
DA:721,1
DA:732,1
DA:733,1
DA:735,1
DA:746,3
DA:748,6
DA:749,1
DA:751,1
DA:753,1
DA:754,0
DA:755,0
DA:756,0
DA:758,0
DA:766,1
DA:770,5
DA:779,1
DA:780,5
DA:781,1
DA:783,1
DA:785,1
DA:786,1
DA:788,1
DA:790,1
DA:791,1
DA:794,1
DA:797,1
DA:801,1
DA:802,1
DA:803,1
DA:804,3
DA:817,0
DA:819,1
DA:824,1
DA:825,1
DA:826,1
DA:829,1
DA:830,5
DA:839,0
DA:840,0
DA:842,0
DA:844,0
DA:845,0
DA:846,0
DA:847,0
DA:848,0
DA:854,0
DA:855,0
DA:884,0
DA:885,0
DA:903,1
DA:919,1
LF:145
LH:92
end_of_record
SF:lib\pages\danshari_page.dart
DA:7,3
DA:9,1
DA:10,1
DA:18,1
DA:20,1
DA:21,3
DA:22,1
DA:27,1
DA:29,4
DA:34,3
DA:36,1
DA:37,1
DA:38,0
DA:39,0
DA:40,0
DA:41,0
DA:42,0
DA:43,0
DA:45,0
DA:46,0
DA:47,0
DA:48,0
DA:51,1
DA:52,2
DA:53,4
DA:54,3
DA:59,0
DA:60,0
DA:67,0
DA:68,0
DA:69,0
DA:72,0
DA:74,0
DA:75,0
DA:78,0
DA:79,0
DA:80,0
DA:83,0
DA:87,0
DA:88,0
DA:89,0
DA:94,1
DA:96,1
DA:98,1
DA:103,1
DA:105,2
DA:106,1
DA:107,0
DA:111,1
DA:112,1
DA:113,1
DA:115,1
DA:132,1
DA:133,0
DA:141,0
DA:142,0
DA:143,0
DA:145,0
DA:147,0
DA:149,0
DA:150,0
DA:151,0
DA:160,0
DA:161,0
DA:163,0
DA:164,0
DA:166,0
DA:168,0
DA:170,0
DA:171,0
DA:172,0
DA:175,0
DA:176,0
DA:185,0
DA:186,0
DA:193,0
DA:194,0
DA:195,0
DA:196,0
DA:218,0
DA:219,0
DA:220,0
DA:221,0
DA:222,0
DA:223,0
DA:224,0
DA:234,0
DA:235,0
DA:236,0
DA:237,0
LF:90
LH:27
end_of_record
SF:lib\services\theme_service.dart
DA:8,1
DA:9,1
DA:13,0
DA:14,0
DA:15,3
DA:16,2
DA:27,0
DA:28,0
DA:29,0
DA:33,0
DA:34,0
DA:35,0
DA:36,0
DA:37,0
DA:40,0
DA:41,0
DA:42,0
DA:46,1
DA:47,1
DA:48,1
DA:50,0
DA:51,0
DA:52,0
DA:53,0
DA:57,0
DA:58,0
DA:61,0
DA:62,0
DA:65,0
DA:66,0
DA:72,0
DA:73,0
DA:76,0
DA:77,0
LF:34
LH:7
end_of_record
SF:lib\models\note.dart
DA:15,1
DA:30,1
DA:31,1
DA:32,1
DA:33,1
DA:34,1
DA:35,1
DA:36,2
DA:37,2
DA:38,2
DA:39,1
DA:40,1
DA:41,2
DA:43,1
DA:44,1
DA:45,0
DA:47,1
DA:51,1
DA:52,1
DA:53,1
DA:54,1
DA:55,1
DA:56,1
DA:57,2
DA:58,2
DA:59,1
DA:60,1
DA:61,2
DA:62,1
DA:63,1
DA:64,1
DA:69,1
DA:70,1
DA:71,3
DA:75,1
DA:76,1
DA:77,1
DA:78,1
DA:79,4
DA:83,1
DA:84,2
DA:85,4
DA:86,1
LF:43
LH:42
end_of_record
SF:lib\models\payment_source.dart
DA:6,1
DA:12,1
DA:13,1
DA:14,1
DA:15,1
DA:16,1
DA:18,2
LF:7
LH:7
end_of_record
SF:lib\models\user_stats.dart
DA:16,1
DA:28,1
DA:29,1
DA:32,1
DA:38,1
DA:39,4
DA:43,1
DA:44,2
DA:45,4
DA:49,1
DA:50,2
DA:51,6
DA:55,1
DA:56,3
DA:57,3
DA:58,1
DA:59,2
DA:64,1
DA:65,2
DA:66,2
DA:67,2
DA:68,2
DA:69,2
DA:73,2
DA:74,1
DA:75,1
DA:76,1
DA:77,1
DA:78,1
DA:79,1
DA:80,1
DA:81,1
DA:82,2
DA:83,2
DA:84,2
DA:87,2
DA:88,1
DA:89,1
DA:90,1
DA:91,1
DA:92,1
DA:93,1
DA:94,1
DA:95,1
DA:96,1
DA:97,2
DA:99,1
DA:100,2
DA:101,0
DA:102,1
DA:103,2
DA:104,0
DA:107,1
DA:120,1
DA:121,1
DA:122,0
DA:123,1
DA:124,1
DA:125,1
DA:126,1
DA:127,0
DA:128,1
DA:129,1
DA:130,1
DA:131,1
DA:146,1
DA:155,1
DA:156,1
DA:158,2
DA:159,3
DA:160,2
DA:161,2
DA:162,2
DA:163,2
DA:164,3
DA:165,3
DA:166,3
DA:169,1
DA:170,1
DA:171,1
DA:172,1
DA:173,1
DA:174,1
DA:175,1
DA:176,1
DA:177,2
DA:179,1
DA:180,2
DA:181,0
DA:182,1
DA:183,2
DA:184,0
LF:92
LH:86
end_of_record
SF:lib\pages\admin_analytics_page.dart
DA:5,3
DA:7,0
DA:8,0
DA:15,0
DA:17,0
DA:18,0
DA:21,0
DA:23,0
DA:24,0
DA:25,0
DA:26,0
DA:27,0
DA:29,0
DA:30,0
DA:31,0
DA:32,0
DA:36,0
DA:40,0
DA:45,0
DA:47,0
DA:48,0
DA:49,0
DA:50,0
DA:53,0
DA:54,0
DA:55,0
DA:57,0
DA:63,0
DA:65,0
DA:66,0
DA:70,0
DA:71,0
DA:73,0
DA:74,0
DA:75,0
DA:80,0
DA:82,0
DA:84,0
DA:86,0
DA:87,0
DA:89,0
DA:90,0
DA:92,0
DA:93,0
DA:99,0
DA:100,0
DA:101,0
DA:104,0
DA:106,0
DA:112,0
DA:114,0
DA:115,0
DA:117,0
DA:120,0
DA:122,0
DA:125,0
DA:127,0
DA:145,0
DA:146,0
DA:148,0
DA:149,0
DA:150,0
DA:151,0
DA:152,0
DA:157,0
DA:158,0
DA:160,0
DA:162,0
DA:163,0
DA:173,0
DA:174,0
DA:178,0
DA:180,0
DA:183,0
DA:184,0
DA:185,0
DA:186,0
DA:187,0
DA:188,0
DA:189,0
DA:191,0
DA:193,0
DA:194,0
DA:195,0
DA:196,0
DA:202,0
DA:203,0
DA:215,0
DA:216,0
DA:217,0
DA:218,0
DA:220,0
DA:224,0
LF:93
LH:1
end_of_record
SF:lib\pages\ai_status_page.dart
DA:9,4
DA:11,1
DA:12,1
DA:26,1
DA:27,2
DA:29,1
DA:31,1
DA:32,1
DA:36,1
DA:38,3
DA:41,3
DA:43,1
DA:46,2
DA:47,3
DA:50,2
DA:51,0
DA:52,1
DA:54,2
DA:55,1
DA:58,3
DA:61,1
DA:62,1
DA:66,1
DA:67,2
DA:71,1
DA:75,1
DA:76,1
DA:78,1
DA:80,1
DA:81,1
DA:82,1
DA:85,2
DA:86,2
DA:87,1
DA:93,1
DA:94,3
DA:95,1
DA:96,1
DA:97,1
DA:102,1
DA:103,2
DA:104,1
DA:106,1
DA:107,1
DA:112,1
DA:113,2
DA:114,2
DA:115,2
DA:116,2
DA:120,3
DA:122,1
DA:125,3
DA:128,2
DA:129,2
DA:130,2
DA:132,1
DA:134,2
DA:137,2
DA:138,3
DA:140,2
DA:142,1
DA:144,2
DA:145,3
DA:147,3
DA:150,1
DA:154,0
DA:155,0
DA:158,0
DA:159,0
DA:161,0
DA:162,0
DA:163,0
DA:168,0
DA:169,0
DA:170,0
DA:175,1
DA:178,1
DA:180,1
DA:184,1
DA:185,1
DA:187,1
DA:190,1
DA:192,1
DA:197,1
DA:199,1
DA:200,1
DA:201,1
DA:203,1
DA:204,2
DA:209,1
DA:211,2
DA:212,1
DA:213,2
DA:215,1
DA:217,1
DA:218,1
DA:219,2
DA:221,1
DA:222,1
DA:225,1
DA:226,1
DA:227,2
DA:229,1
DA:230,2
DA:231,1
DA:232,1
DA:234,1
DA:236,1
DA:238,1
DA:239,1
DA:240,1
DA:242,1
DA:243,1
DA:245,1
DA:248,1
DA:249,1
DA:251,1
DA:255,1
DA:264,1
DA:265,1
DA:268,1
DA:269,1
DA:276,1
DA:277,2
DA:278,1
DA:280,1
DA:287,1
DA:289,1
DA:290,1
DA:291,1
DA:292,1
DA:295,1
DA:297,1
DA:312,1
DA:315,2
DA:316,0
DA:318,0
DA:319,0
DA:338,1
DA:339,2
DA:342,1
DA:343,1
DA:344,1
DA:345,1
DA:347,1
DA:349,1
DA:355,1
DA:356,1
DA:357,1
DA:358,1
DA:359,1
DA:360,1
DA:361,1
DA:363,1
DA:364,1
DA:365,1
DA:367,1
DA:373,1
DA:374,1
DA:375,1
DA:377,1
DA:379,1
DA:387,1
DA:390,1
DA:391,2
DA:392,1
DA:394,3
DA:402,1
DA:405,1
DA:406,1
DA:407,1
DA:409,1
DA:411,2
DA:416,1
DA:417,1
DA:418,3
DA:419,1
DA:425,2
DA:427,1
DA:428,1
DA:436,1
DA:437,1
DA:438,1
DA:439,1
DA:440,1
DA:441,1
DA:442,1
DA:443,1
DA:445,1
DA:448,1
DA:450,1
DA:451,0
DA:452,1
DA:453,1
DA:455,1
DA:456,0
DA:459,1
DA:461,1
DA:462,1
DA:463,1
DA:464,1
DA:470,1
DA:471,1
DA:472,1
DA:479,1
DA:480,1
DA:481,1
DA:490,1
DA:491,1
DA:492,2
DA:494,1
DA:495,3
DA:496,2
DA:501,1
DA:502,1
DA:503,1
DA:505,1
DA:517,1
DA:519,0
DA:520,0
DA:521,0
DA:525,1
DA:527,0
DA:529,0
DA:531,0
DA:533,0
DA:535,0
DA:542,1
DA:543,1
DA:545,1
DA:546,1
DA:547,1
DA:548,2
DA:550,1
DA:551,1
DA:553,1
DA:558,1
DA:561,1
DA:562,1
DA:566,1
DA:570,1
DA:578,1
DA:579,1
DA:580,1
LF:244
LH:220
end_of_record
SF:lib\pages\api_playground_page.dart
DA:7,3
DA:9,0
DA:10,0
DA:22,0
DA:24,0
DA:25,0
DA:28,0
DA:29,0
DA:30,0
DA:33,0
DA:37,0
DA:38,0
DA:39,0
DA:43,0
DA:44,0
DA:46,0
DA:48,0
DA:49,0
DA:50,0
DA:51,0
DA:53,0
DA:54,0
DA:58,0
DA:59,0
DA:60,0
DA:64,0
DA:66,0
DA:70,0
DA:71,0
DA:72,0
DA:74,0
DA:76,0
DA:77,0
DA:78,0
DA:79,0
DA:80,0
DA:81,0
DA:82,0
DA:83,0
DA:85,0
DA:90,0
DA:91,0
DA:95,0
DA:96,0
DA:97,0
DA:101,0
DA:102,0
DA:106,0
DA:107,0
DA:112,0
DA:115,0
DA:116,0
DA:118,0
DA:119,0
DA:120,0
DA:121,0
DA:122,0
DA:128,0
DA:130,0
DA:131,0
DA:132,0
DA:133,0
DA:138,0
DA:140,0
DA:144,0
DA:145,0
DA:146,0
DA:147,0
DA:148,0
DA:155,0
DA:157,0
DA:158,0
DA:163,0
DA:165,0
DA:166,0
DA:169,0
DA:170,0
DA:174,0
DA:175,0
DA:178,0
DA:179,0
DA:184,0
DA:186,0
DA:187,0
DA:192,0
DA:194,0
DA:195,0
DA:197,0
DA:198,0
DA:205,0
DA:206,0
DA:207,0
DA:208,0
DA:209,0
DA:210,0
DA:214,0
DA:215,0
DA:217,0
DA:218,0
DA:222,0
DA:225,0
DA:226,0
DA:233,0
DA:234,0
DA:236,0
DA:237,0
DA:238,0
DA:239,0
DA:241,0
DA:242,0
DA:243,0
DA:244,0
DA:249,0
DA:252,0
DA:253,0
DA:261,0
DA:264,0
DA:266,0
DA:268,0
DA:269,0
DA:280,0
DA:286,0
DA:289,0
DA:290,0
DA:293,0
DA:294,0
DA:295,0
DA:296,0
DA:298,0
DA:299,0
DA:300,0
DA:302,0
LF:132
LH:1
end_of_record
SF:lib\pages\asset_management_page.dart
DA:9,3
DA:11,0
DA:12,0
DA:37,0
DA:39,0
DA:40,0
DA:43,0
DA:45,0
DA:46,0
DA:50,0
DA:51,0
DA:52,0
DA:53,0
DA:54,0
DA:55,0
DA:56,0
DA:60,0
DA:61,0
DA:62,0
DA:65,0
DA:66,0
DA:67,0
DA:69,0
DA:70,0
DA:71,0
DA:72,0
DA:75,0
DA:78,0
DA:79,0
DA:84,0
DA:85,0
DA:86,0
DA:88,0
DA:89,0
DA:90,0
DA:91,0
DA:98,0
DA:100,0
DA:101,0
DA:104,0
DA:106,0
DA:107,0
DA:110,0
DA:111,0
DA:113,0
DA:114,0
DA:120,0
DA:121,0
DA:122,0
DA:123,0
DA:127,0
DA:128,0
DA:129,0
DA:130,0
DA:131,0
DA:132,0
DA:133,0
DA:137,0
DA:138,0
DA:139,0
DA:140,0
DA:141,0
DA:142,0
DA:144,0
DA:145,0
DA:146,0
DA:147,0
DA:151,0
DA:152,0
DA:153,0
DA:155,0
DA:156,0
DA:161,0
DA:165,0
DA:166,0
DA:167,0
DA:168,0
DA:172,0
DA:173,0
DA:176,0
DA:177,0
DA:181,0
DA:182,0
DA:183,0
DA:184,0
DA:185,0
DA:186,0
DA:191,0
DA:192,0
DA:193,0
DA:197,0
DA:198,0
DA:199,0
DA:200,0
DA:201,0
DA:202,0
DA:203,0
DA:205,0
DA:206,0
DA:212,0
DA:214,0
DA:218,0
DA:219,0
DA:220,0
DA:224,0
DA:226,0
DA:227,0
DA:229,0
DA:232,0
DA:234,0
DA:235,0
DA:236,0
DA:238,0
DA:245,0
DA:246,0
DA:248,0
DA:250,0
DA:252,0
DA:258,0
DA:259,0
DA:260,0
DA:261,0
DA:262,0
DA:263,0
DA:269,0
DA:270,0
DA:272,0
DA:273,0
DA:276,0
DA:277,0
DA:289,0
DA:290,0
DA:292,0
DA:294,0
DA:295,0
DA:296,0
DA:298,0
DA:299,0
DA:300,0
DA:303,0
DA:306,0
DA:310,0
DA:314,0
DA:315,0
DA:317,0
DA:324,0
DA:325,0
DA:333,0
DA:334,0
DA:346,0
DA:347,0
DA:348,0
DA:353,0
DA:354,0
DA:356,0
DA:358,0
DA:360,0
DA:366,0
DA:368,0
DA:370,0
DA:371,0
DA:372,0
DA:373,0
DA:374,0
DA:379,0
DA:380,0
DA:381,0
DA:384,0
DA:387,0
DA:388,0
DA:391,0
DA:392,0
DA:394,0
DA:405,0
DA:406,0
DA:418,0
DA:419,0
DA:420,0
DA:421,0
DA:422,0
DA:424,0
DA:429,0
DA:430,0
DA:431,0
DA:434,0
DA:435,0
DA:436,0
DA:437,0
DA:446,0
DA:447,0
DA:448,0
DA:449,0
DA:450,0
DA:452,0
DA:453,0
DA:454,0
DA:457,0
DA:458,0
DA:459,0
DA:460,0
DA:462,0
DA:472,0
DA:473,0
DA:474,0
DA:475,0
DA:476,0
DA:480,0
DA:483,0
DA:484,0
DA:485,0
DA:487,0
DA:488,0
DA:489,0
DA:493,0
DA:494,0
DA:495,0
DA:496,0
DA:498,0
DA:502,0
DA:503,0
DA:504,0
DA:505,0
DA:506,0
DA:509,0
DA:511,0
DA:513,0
DA:515,0
DA:516,0
DA:517,0
DA:520,0
DA:521,0
DA:530,0
DA:531,0
DA:533,0
DA:534,0
DA:536,0
DA:537,0
DA:538,0
DA:539,0
DA:540,0
LF:240
LH:1
end_of_record
SF:lib\pages\cfo_office_page.dart
DA:8,3
DA:10,0
DA:12,0
DA:13,0
DA:15,0
DA:18,0
DA:20,0
DA:21,0
DA:28,0
DA:35,0
DA:42,0
DA:54,0
DA:61,0
DA:64,0
DA:66,0
DA:67,0
DA:68,0
DA:70,0
DA:71,0
DA:74,0
DA:75,0
DA:76,0
DA:77,0
LF:23
LH:1
end_of_record
SF:lib\pages\financial_report_page.dart
DA:8,3
DA:10,0
DA:11,0
DA:20,0
DA:22,0
DA:23,0
DA:24,0
DA:27,0
DA:29,0
DA:30,0
DA:33,0
DA:34,0
DA:35,0
DA:37,0
DA:38,0
DA:39,0
DA:40,0
DA:43,0
DA:46,0
DA:51,0
DA:53,0
DA:54,0
DA:56,0
DA:58,0
DA:59,0
DA:70,0
DA:71,0
DA:72,0
DA:73,0
DA:74,0
DA:75,0
DA:81,0
DA:82,0
DA:86,0
DA:87,0
DA:93,0
DA:94,0
DA:95,0
DA:96,0
DA:98,0
DA:100,0
DA:102,0
DA:103,0
DA:104,0
DA:105,0
DA:109,0
DA:111,0
DA:117,0
DA:124,0
DA:126,0
DA:128,0
DA:129,0
DA:130,0
DA:131,0
DA:133,0
DA:135,0
DA:138,0
DA:140,0
DA:149,0
DA:150,0
DA:152,0
DA:154,0
DA:155,0
DA:156,0
DA:158,0
DA:169,0
DA:170,0
DA:172,0
DA:174,0
DA:176,0
DA:182,0
DA:184,0
DA:185,0
DA:187,0
DA:188,0
DA:189,0
DA:190,0
DA:191,0
DA:192,0
DA:193,0
DA:194,0
DA:195,0
DA:196,0
DA:197,0
DA:206,0
DA:207,0
DA:208,0
DA:211,0
DA:212,0
DA:213,0
DA:214,0
DA:219,0
DA:220,0
DA:222,0
DA:223,0
DA:235,0
DA:236,0
DA:237,0
DA:238,0
DA:239,0
DA:240,0
DA:241,0
DA:247,0
DA:257,0
DA:264,0
DA:266,0
DA:267,0
DA:268,0
DA:270,0
DA:271,0
DA:274,0
DA:275,0
DA:276,0
DA:281,0
DA:287,0
DA:288,0
DA:289,0
DA:290,0
DA:292,0
DA:293,0
DA:295,0
DA:297,0
DA:299,0
DA:300,0
DA:301,0
DA:302,0
DA:306,0
DA:307,0
DA:309,0
DA:310,0
DA:312,0
DA:314,0
DA:315,0
DA:316,0
DA:317,0
DA:319,0
DA:322,0
DA:325,0
DA:333,0
DA:337,0
DA:338,0
DA:339,0
DA:340,0
DA:341,0
DA:342,0
DA:348,0
DA:352,0
DA:354,0
DA:355,0
DA:356,0
DA:358,0
DA:361,0
DA:362,0
DA:377,0
DA:388,0
LF:155
LH:1
end_of_record
SF:lib\pages\payment_channel_ledger_page.dart
DA:7,3
DA:9,0
DA:11,0
DA:18,0
DA:20,0
DA:21,0
DA:22,0
DA:25,0
DA:26,0
DA:27,0
DA:31,0
DA:33,0
DA:34,0
DA:35,0
DA:41,0
DA:43,0
DA:44,0
DA:45,0
DA:46,0
DA:53,0
DA:55,0
DA:56,0
DA:58,0
DA:61,0
DA:62,0
DA:63,0
DA:64,0
DA:66,0
DA:68,0
DA:70,0
DA:73,0
DA:75,0
DA:76,0
DA:80,0
DA:81,0
DA:82,0
DA:83,0
DA:85,0
DA:86,0
DA:87,0
DA:88,0
DA:89,0
DA:94,0
DA:97,0
DA:98,0
DA:99,0
DA:101,0
DA:103,0
DA:105,0
DA:106,0
DA:107,0
DA:108,0
DA:111,0
DA:112,0
DA:113,0
DA:119,0
DA:121,0
DA:124,0
DA:125,0
DA:126,0
DA:127,0
DA:130,0
DA:136,0
DA:146,0
DA:148,0
DA:151,0
DA:152,0
DA:153,0
DA:154,0
LF:69
LH:1
end_of_record
SF:lib\pages\subscription_page.dart
DA:5,3
DA:7,0
DA:8,0
DA:16,0
DA:18,0
DA:19,0
DA:22,0
DA:24,0
DA:27,0
DA:28,0
DA:29,0
DA:30,0
DA:31,0
DA:33,0
DA:34,0
DA:35,0
DA:36,0
DA:40,0
DA:42,0
DA:43,0
DA:44,0
DA:46,0
DA:47,0
DA:52,0
DA:53,0
DA:54,0
DA:56,0
DA:57,0
DA:58,0
DA:60,0
DA:62,0
DA:63,0
DA:68,0
DA:75,0
DA:76,0
DA:77,0
DA:80,0
DA:81,0
DA:82,0
DA:83,0
DA:84,0
DA:86,0
DA:88,0
DA:93,0
DA:94,0
DA:104,0
DA:105,0
DA:106,0
DA:109,0
DA:112,0
DA:113,0
DA:116,0
DA:117,0
DA:119,0
DA:121,0
DA:123,0
DA:124,0
DA:125,0
DA:127,0
DA:129,0
DA:130,0
DA:135,0
DA:136,0
DA:137,0
DA:138,0
DA:140,0
DA:143,0
DA:149,0
DA:150,0
DA:152,0
DA:153,0
DA:154,0
DA:155,0
DA:156,0
DA:161,0
DA:162,0
DA:164,0
DA:165,0
DA:166,0
DA:171,0
DA:176,0
DA:177,0
DA:187,0
DA:188,0
DA:189,0
LF:85
LH:1
end_of_record
SF:lib\pages\cho_office_page.dart
DA:5,3
DA:7,0
DA:9,0
DA:10,0
DA:12,0
DA:15,0
DA:17,0
DA:18,0
DA:25,0
DA:32,0
DA:44,0
DA:51,0
DA:54,0
DA:56,0
DA:57,0
DA:58,0
DA:60,0
DA:61,0
DA:64,0
DA:65,0
DA:66,0
DA:67,0
LF:22
LH:1
end_of_record
SF:lib\pages\health_page.dart
DA:6,3
DA:8,0
DA:9,0
DA:18,0
DA:20,0
DA:21,0
DA:24,0
DA:26,0
DA:30,0
DA:31,0
DA:32,0
DA:33,0
DA:34,0
DA:35,0
DA:37,0
DA:38,0
DA:39,0
DA:40,0
DA:44,0
DA:45,0
DA:46,0
DA:47,0
DA:52,0
DA:53,0
DA:54,0
DA:56,0
DA:60,0
DA:67,0
DA:68,0
DA:70,0
DA:71,0
DA:72,0
DA:77,0
DA:79,0
DA:80,0
DA:85,0
DA:86,0
DA:87,0
DA:89,0
DA:90,0
DA:91,0
DA:92,0
DA:93,0
DA:103,0
DA:104,0
DA:105,0
DA:116,0
DA:117,0
DA:119,0
DA:126,0
DA:128,0
DA:129,0
DA:130,0
DA:131,0
DA:133,0
DA:135,0
DA:138,0
DA:143,0
DA:144,0
LF:59
LH:1
end_of_record
SF:lib\pages\chro_office_page.dart
DA:6,3
DA:8,0
DA:10,0
DA:11,0
DA:13,0
DA:16,0
DA:18,0
DA:19,0
DA:26,0
DA:33,0
DA:45,0
DA:52,0
DA:55,0
DA:57,0
DA:58,0
DA:59,0
DA:61,0
DA:62,0
DA:65,0
DA:66,0
DA:67,0
DA:68,0
LF:22
LH:1
end_of_record
SF:lib\pages\rewards_page.dart
DA:5,3
DA:7,0
DA:8,0
DA:16,0
DA:18,0
DA:19,0
DA:22,0
DA:24,0
DA:27,0
DA:28,0
DA:29,0
DA:30,0
DA:31,0
DA:33,0
DA:34,0
DA:36,0
DA:37,0
DA:39,0
DA:43,0
DA:44,0
DA:48,0
DA:50,0
DA:51,0
DA:56,0
DA:58,0
DA:60,0
DA:62,0
DA:64,0
DA:66,0
DA:67,0
DA:68,0
DA:72,0
DA:73,0
DA:74,0
DA:75,0
DA:81,0
DA:82,0
DA:89,0
DA:90,0
DA:98,0
DA:99,0
DA:118,0
DA:119,0
DA:130,0
DA:134,0
DA:135,0
DA:138,0
DA:140,0
DA:143,0
DA:145,0
DA:148,0
DA:150,0
DA:153,0
DA:155,0
DA:156,0
DA:159,0
DA:169,0
DA:170,0
DA:172,0
DA:173,0
DA:175,0
DA:176,0
DA:179,0
DA:182,0
DA:186,0
DA:188,0
LF:66
LH:1
end_of_record
SF:lib\pages\stats_page.dart
DA:7,3
DA:9,0
DA:10,0
DA:16,0
DA:18,0
DA:19,0
DA:22,0
DA:24,0
DA:25,0
DA:26,0
DA:29,0
DA:31,0
DA:33,0
DA:34,0
DA:35,0
DA:37,0
DA:39,0
DA:40,0
DA:41,0
DA:42,0
DA:49,0
DA:50,0
DA:52,0
DA:59,0
DA:60,0
DA:61,0
DA:62,0
DA:63,0
LF:28
LH:1
end_of_record
SF:lib\pages\cmo_office_page.dart
DA:7,3
DA:9,0
DA:10,0
DA:18,0
DA:20,0
DA:21,0
DA:24,0
DA:26,0
DA:33,0
DA:34,0
DA:35,0
DA:36,0
DA:37,0
DA:39,0
DA:40,0
DA:41,0
DA:42,0
DA:46,0
DA:47,0
DA:48,0
DA:53,0
DA:54,0
DA:57,0
DA:60,0
DA:61,0
DA:62,0
DA:64,0
DA:65,0
DA:67,0
DA:70,0
DA:72,0
DA:74,0
DA:75,0
DA:77,0
DA:81,0
DA:83,0
DA:85,0
DA:87,0
DA:89,0
DA:96,0
DA:102,0
DA:104,0
DA:105,0
DA:110,0
DA:116,0
DA:118,0
DA:124,0
DA:133,0
DA:134,0
DA:137,0
DA:139,0
DA:140,0
DA:141,0
DA:142,0
DA:143,0
DA:146,0
DA:148,0
DA:149,0
DA:151,0
DA:153,0
DA:168,0
DA:176,0
DA:179,0
DA:180,0
DA:181,0
DA:182,0
LF:66
LH:1
end_of_record
SF:lib\pages\election_strategy_page.dart
DA:11,3
DA:13,0
DA:14,0
DA:39,0
DA:41,0
DA:43,0
DA:46,0
DA:47,0
DA:50,0
DA:51,0
DA:52,0
DA:53,0
DA:57,0
DA:59,0
DA:60,0
DA:61,0
DA:62,0
DA:63,0
DA:64,0
DA:66,0
DA:67,0
DA:70,0
DA:74,0
DA:75,0
DA:76,0
DA:77,0
DA:82,0
DA:83,0
DA:86,0
DA:87,0
DA:88,0
DA:89,0
DA:90,0
DA:92,0
DA:93,0
DA:94,0
DA:95,0
DA:98,0
DA:102,0
DA:103,0
DA:106,0
DA:109,0
DA:111,0
DA:112,0
DA:113,0
DA:115,0
DA:116,0
DA:117,0
DA:120,0
DA:121,0
DA:122,0
DA:128,0
DA:130,0
DA:131,0
DA:132,0
DA:135,0
DA:140,0
DA:141,0
DA:143,0
DA:145,0
DA:146,0
DA:147,0
DA:155,0
DA:158,0
DA:159,0
DA:160,0
DA:162,0
DA:163,0
DA:164,0
DA:168,0
DA:173,0
DA:175,0
DA:176,0
DA:177,0
DA:178,0
DA:179,0
DA:180,0
DA:181,0
DA:182,0
DA:185,0
DA:188,0
DA:192,0
DA:193,0
DA:194,0
DA:196,0
DA:198,0
DA:200,0
DA:207,0
DA:208,0
DA:209,0
DA:210,0
DA:212,0
DA:214,0
DA:216,0
DA:219,0
DA:222,0
DA:224,0
DA:229,0
DA:230,0
DA:231,0
DA:232,0
DA:233,0
DA:234,0
DA:236,0
DA:237,0
DA:238,0
DA:241,0
DA:245,0
DA:246,0
DA:247,0
DA:249,0
DA:251,0
DA:253,0
DA:256,0
DA:257,0
DA:258,0
DA:259,0
DA:260,0
DA:261,0
DA:263,0
DA:265,0
DA:266,0
DA:267,0
DA:270,0
DA:272,0
DA:277,0
DA:278,0
DA:279,0
DA:281,0
DA:283,0
DA:285,0
DA:289,0
DA:290,0
DA:291,0
DA:292,0
DA:293,0
DA:294,0
DA:296,0
DA:297,0
DA:298,0
DA:301,0
DA:302,0
DA:303,0
DA:306,0
DA:311,0
DA:312,0
DA:313,0
DA:316,0
DA:319,0
DA:320,0
DA:322,0
DA:323,0
DA:324,0
DA:327,0
DA:329,0
DA:330,0
DA:332,0
DA:333,0
DA:334,0
DA:338,0
DA:339,0
DA:340,0
DA:341,0
DA:342,0
DA:345,0
DA:346,0
DA:347,0
DA:350,0
DA:355,0
DA:356,0
DA:357,0
DA:359,0
DA:361,0
DA:363,0
DA:365,0
DA:366,0
DA:373,0
DA:374,0
DA:375,0
DA:378,0
DA:380,0
DA:382,0
DA:383,0
DA:384,0
DA:385,0
DA:387,0
DA:388,0
DA:393,0
DA:394,0
DA:395,0
DA:398,0
DA:399,0
DA:400,0
DA:403,0
DA:409,0
DA:410,0
DA:411,0
DA:412,0
DA:413,0
DA:415,0
DA:420,0
DA:421,0
DA:422,0
DA:425,0
DA:426,0
DA:427,0
DA:428,0
DA:437,0
DA:438,0
DA:439,0
DA:441,0
DA:442,0
DA:443,0
DA:448,0
DA:450,0
DA:456,0
DA:457,0
DA:465,0
DA:467,0
DA:468,0
DA:480,0
DA:481,0
DA:482,0
DA:483,0
DA:518,0
DA:519,0
DA:520,0
DA:528,0
DA:529,0
DA:530,0
DA:531,0
DA:534,0
DA:537,0
DA:538,0
DA:539,0
DA:543,0
DA:544,0
DA:546,0
DA:547,0
DA:562,0
DA:570,0
DA:572,0
DA:573,0
DA:577,0
DA:578,0
DA:579,0
DA:580,0
DA:582,0
DA:584,0
DA:586,0
DA:589,0
DA:590,0
DA:604,0
DA:606,0
DA:607,0
DA:609,0
DA:610,0
DA:611,0
DA:612,0
DA:613,0
DA:614,0
DA:617,0
DA:618,0
DA:619,0
DA:629,0
DA:630,0
DA:631,0
DA:632,0
DA:637,0
DA:638,0
DA:642,0
DA:643,0
DA:644,0
DA:645,0
DA:647,0
DA:648,0
DA:649,0
DA:652,0
DA:653,0
DA:654,0
DA:655,0
DA:656,0
DA:657,0
DA:662,0
DA:664,0
DA:666,0
DA:667,0
DA:678,0
DA:683,0
DA:686,0
DA:687,0
DA:688,0
DA:690,0
DA:691,0
DA:692,0
DA:697,0
DA:698,0
DA:700,0
DA:701,0
DA:706,0
DA:707,0
DA:712,0
DA:713,0
DA:715,0
DA:717,0
DA:719,0
DA:721,0
DA:730,0
DA:731,0
DA:733,0
DA:745,0
DA:748,0
DA:750,0
DA:752,0
DA:755,0
DA:757,0
DA:770,0
DA:773,0
DA:782,0
DA:783,0
DA:786,0
DA:788,0
DA:790,0
DA:816,0
DA:819,0
DA:821,0
DA:828,0
DA:829,0
DA:830,0
DA:831,0
DA:832,0
DA:834,0
DA:837,0
DA:838,0
DA:839,0
DA:840,0
DA:843,0
DA:846,0
DA:847,0
DA:852,0
DA:853,0
DA:854,0
DA:860,0
DA:861,0
DA:863,0
DA:864,0
DA:865,0
DA:867,0
DA:868,0
DA:869,0
DA:877,0
DA:878,0
DA:879,0
DA:880,0
DA:881,0
DA:882,0
DA:883,0
DA:885,0
DA:887,0
DA:888,0
DA:889,0
DA:890,0
DA:891,0
DA:892,0
DA:894,0
DA:896,0
DA:897,0
DA:898,0
DA:905,0
DA:907,0
DA:908,0
DA:915,0
DA:916,0
DA:918,0
DA:920,0
DA:921,0
DA:923,0
DA:924,0
DA:931,0
DA:932,0
DA:943,0
DA:944,0
DA:945,0
DA:949,0
DA:950,0
DA:952,0
DA:955,0
DA:958,0
DA:960,0
DA:963,0
DA:966,0
DA:968,0
DA:971,0
DA:979,0
DA:987,0
DA:988,0
DA:989,0
DA:991,0
DA:992,0
DA:993,0
DA:994,0
DA:995,0
DA:999,0
DA:1011,0
DA:1012,0
DA:1015,0
DA:1016,0
DA:1017,0
DA:1018,0
DA:1024,0
DA:1026,0
DA:1027,0
DA:1028,0
DA:1041,0
DA:1042,0
DA:1043,0
DA:1044,0
DA:1045,0
DA:1047,0
DA:1048,0
DA:1049,0
DA:1051,0
DA:1059,0
DA:1060,0
DA:1064,0
DA:1072,0
DA:1073,0
DA:1074,0
DA:1075,0
DA:1076,0
DA:1077,0
DA:1078,0
DA:1079,0
DA:1080,0
DA:1083,0
DA:1084,0
DA:1085,0
DA:1086,0
DA:1087,0
DA:1088,0
DA:1089,0
DA:1090,0
DA:1092,0
DA:1093,0
DA:1095,0
DA:1096,0
DA:1098,0
DA:1099,0
DA:1109,0
DA:1110,0
DA:1111,0
DA:1112,0
DA:1114,0
DA:1115,0
DA:1118,0
DA:1124,0
DA:1125,0
DA:1126,0
DA:1127,0
DA:1128,0
DA:1129,0
DA:1130,0
DA:1131,0
DA:1132,0
DA:1135,0
DA:1136,0
DA:1137,0
DA:1138,0
DA:1139,0
DA:1140,0
DA:1141,0
DA:1142,0
DA:1145,0
DA:1146,0
DA:1148,0
DA:1150,0
DA:1151,0
DA:1154,0
DA:1171,3
DA:1176,0
DA:1178,0
DA:1180,0
DA:1182,0
DA:1183,0
DA:1185,0
DA:1186,0
DA:1188,0
DA:1189,0
DA:1192,0
LF:489
LH:2
end_of_record
SF:lib\pages\note_editor_page.dart
DA:10,3
DA:17,0
DA:18,0
DA:27,0
DA:29,0
DA:30,0
DA:31,0
DA:32,0
DA:34,0
DA:35,0
DA:39,0
DA:40,0
DA:42,0
DA:43,0
DA:44,0
DA:45,0
DA:46,0
DA:48,0
DA:49,0
DA:50,0
DA:51,0
DA:55,0
DA:56,0
DA:57,0
DA:61,0
DA:65,0
DA:66,0
DA:67,0
DA:69,0
DA:70,0
DA:76,0
DA:78,0
DA:79,0
DA:81,0
DA:83,0
DA:86,0
DA:87,0
DA:90,0
DA:91,0
DA:99,0
DA:100,0
DA:103,0
DA:106,0
DA:107,0
DA:108,0
DA:112,0
DA:116,0
DA:118,0
DA:119,0
DA:120,0
DA:123,0
DA:125,0
DA:127,0
DA:128,0
DA:129,0
DA:130,0
DA:131,0
DA:132,0
DA:146,0
DA:148,0
DA:153,0
DA:155,0
DA:156,0
DA:157,0
DA:159,0
DA:160,0
DA:161,0
DA:162,0
DA:173,0
DA:174,0
DA:175,0
DA:187,0
DA:190,0
DA:191,0
DA:192,0
DA:193,0
LF:76
LH:1
end_of_record
SF:lib\pages\note_list_page.dart
DA:7,3
DA:9,1
DA:10,1
DA:18,1
DA:20,1
DA:21,1
DA:24,1
DA:26,3
DA:28,4
DA:33,0
DA:34,0
DA:35,0
DA:36,0
DA:37,0
DA:38,0
DA:39,0
DA:41,0
DA:42,0
DA:43,0
DA:44,0
DA:48,0
DA:49,0
DA:50,0
DA:52,0
DA:57,1
DA:59,1
DA:60,1
DA:64,1
DA:65,1
DA:67,1
DA:71,1
DA:73,2
DA:74,1
DA:75,1
DA:77,1
DA:89,1
DA:92,1
DA:96,0
DA:101,0
DA:103,0
DA:104,0
DA:105,0
DA:106,0
DA:108,0
DA:109,0
DA:110,0
DA:111,0
DA:113,0
DA:115,0
DA:118,0
DA:119,0
DA:121,0
DA:122,0
DA:124,0
DA:125,0
DA:126,0
DA:132,0
DA:138,0
DA:140,0
DA:141,0
DA:142,0
DA:146,0
DA:147,0
DA:151,0
DA:152,0
DA:154,0
DA:155,0
DA:161,0
DA:166,1
DA:167,0
DA:174,0
DA:175,0
DA:177,0
DA:178,0
DA:182,0
LF:75
LH:23
end_of_record
SF:lib\pages\real_world_danshari_page.dart
DA:16,1
DA:20,1
DA:22,1
DA:23,1
DA:32,1
DA:33,2
DA:35,1
DA:37,3
DA:44,1
DA:45,2
DA:46,1
DA:47,1
DA:50,1
DA:53,1
DA:54,3
DA:55,3
DA:61,1
DA:62,2
DA:63,1
DA:67,1
DA:70,3
DA:72,1
DA:79,1
DA:80,1
DA:81,1
DA:84,2
DA:85,2
DA:86,2
DA:89,2
DA:92,1
DA:93,3
DA:94,3
DA:98,1
DA:99,2
DA:100,1
DA:107,1
DA:110,1
DA:111,1
DA:113,1
DA:114,1
DA:118,1
DA:120,1
DA:122,1
DA:124,1
DA:125,1
DA:148,1
DA:149,1
DA:151,1
DA:152,1
DA:153,1
DA:154,1
DA:155,2
DA:161,1
DA:163,1
DA:164,1
DA:165,1
DA:166,1
DA:168,1
DA:169,1
DA:171,2
DA:176,1
DA:179,1
DA:181,1
DA:182,1
DA:184,3
DA:187,1
DA:196,1
DA:198,3
DA:201,1
DA:213,1
DA:216,1
DA:217,0
DA:220,1
DA:221,1
DA:228,1
DA:230,2
DA:231,1
DA:236,1
DA:238,2
DA:239,1
DA:240,1
DA:241,1
DA:244,1
DA:249,1
DA:259,1
DA:261,1
DA:263,1
DA:264,1
DA:265,2
DA:273,1
DA:274,1
DA:279,1
DA:280,3
DA:281,1
DA:283,3
DA:296,1
DA:297,2
DA:301,1
DA:303,1
DA:304,1
DA:305,1
DA:307,2
DA:309,1
DA:311,1
DA:314,1
DA:315,1
DA:316,2
DA:317,1
DA:319,1
LF:109
LH:108
end_of_record
SF:lib\pages\morning_briefing_page.dart
DA:20,3
DA:22,0
DA:23,0
DA:135,0
DA:137,0
DA:138,0
DA:139,0
DA:140,0
DA:142,0
DA:143,0
DA:144,0
DA:145,0
DA:146,0
DA:148,0
DA:149,0
DA:153,0
DA:154,0
DA:155,0
DA:159,0
DA:160,0
DA:162,0
DA:165,0
DA:168,0
DA:169,0
DA:170,0
DA:171,0
DA:172,0
DA:173,0
DA:175,0
DA:176,0
DA:177,0
DA:178,0
DA:181,0
DA:182,0
DA:183,0
DA:185,0
DA:186,0
DA:188,0
DA:192,0
DA:193,0
DA:194,0
DA:195,0
DA:196,0
DA:201,0
DA:202,0
DA:203,0
DA:204,0
DA:205,0
DA:206,0
DA:207,0
DA:208,0
DA:212,0
DA:213,0
DA:214,0
DA:218,0
DA:219,0
DA:220,0
DA:221,0
DA:222,0
DA:223,0
DA:224,0
DA:225,0
DA:229,0
DA:230,0
DA:231,0
DA:236,0
DA:237,0
DA:239,0
DA:240,0
DA:249,0
DA:250,0
DA:251,0
DA:252,0
DA:257,0
DA:259,0
DA:260,0
DA:261,0
DA:262,0
DA:263,0
DA:264,0
DA:265,0
DA:266,0
DA:267,0
DA:268,0
DA:271,0
DA:272,0
DA:273,0
DA:274,0
DA:275,0
DA:279,0
DA:280,0
DA:283,0
DA:284,0
DA:289,0
DA:292,0
DA:295,0
DA:296,0
DA:297,0
DA:298,0
DA:299,0
DA:300,0
DA:305,0
DA:309,0
DA:310,0
DA:311,0
DA:312,0
DA:313,0
DA:314,0
DA:318,0
DA:319,0
DA:321,0
DA:323,0
DA:326,0
DA:327,0
DA:328,0
DA:329,0
DA:330,0
DA:332,0
DA:334,0
DA:335,0
DA:338,0
DA:342,0
DA:346,0
DA:347,0
DA:348,0
DA:350,0
DA:351,0
DA:352,0
DA:353,0
DA:356,0
DA:357,0
DA:364,0
DA:365,0
DA:369,0
DA:370,0
DA:371,0
DA:375,0
DA:376,0
DA:377,0
DA:379,0
DA:380,0
DA:381,0
DA:382,0
DA:388,0
DA:389,0
DA:390,0
DA:391,0
DA:399,0
DA:400,0
DA:402,0
DA:403,0
DA:404,0
DA:406,0
DA:407,0
DA:408,0
DA:413,0
DA:414,0
DA:415,0
DA:416,0
DA:417,0
DA:418,0
DA:419,0
DA:422,0
DA:425,0
DA:426,0
DA:427,0
DA:428,0
DA:429,0
DA:430,0
DA:435,0
DA:436,0
DA:437,0
DA:438,0
DA:443,0
DA:447,0
DA:452,0
DA:455,0
DA:459,0
DA:460,0
DA:461,0
DA:463,0
DA:466,0
DA:470,0
DA:471,0
DA:472,0
DA:477,0
DA:478,0
DA:479,0
DA:480,0
DA:483,0
DA:484,0
DA:485,0
DA:489,0
DA:490,0
DA:491,0
DA:492,0
DA:493,0
DA:494,0
DA:495,0
DA:496,0
DA:497,0
DA:500,0
DA:501,0
DA:502,0
DA:503,0
DA:509,0
DA:510,0
DA:511,0
DA:512,0
DA:520,0
DA:529,0
DA:534,0
DA:535,0
DA:536,0
DA:539,0
DA:540,0
DA:544,0
DA:545,0
DA:561,0
DA:562,0
DA:563,0
DA:564,0
DA:565,0
DA:567,0
DA:569,0
DA:572,0
DA:581,0
DA:584,0
DA:595,0
DA:596,0
DA:597,0
DA:600,0
DA:601,0
DA:608,0
DA:610,0
DA:611,0
DA:613,0
DA:614,0
DA:619,0
DA:624,0
DA:625,0
DA:627,0
DA:628,0
DA:631,0
DA:632,0
DA:633,0
DA:634,0
DA:636,0
DA:638,0
DA:639,0
DA:642,0
DA:644,0
DA:647,0
DA:648,0
DA:649,0
DA:650,0
DA:651,0
DA:652,0
DA:659,0
DA:661,0
DA:664,0
DA:666,0
DA:669,0
DA:672,0
DA:674,0
DA:676,0
DA:677,0
DA:678,0
DA:683,0
DA:685,0
DA:686,0
DA:687,0
DA:695,0
DA:697,0
DA:698,0
DA:699,0
DA:701,0
DA:702,0
DA:703,0
DA:704,0
DA:710,0
DA:711,0
DA:714,0
DA:715,0
DA:722,0
DA:723,0
DA:724,0
DA:725,0
DA:728,0
DA:729,0
DA:732,0
DA:742,0
DA:743,0
DA:752,0
DA:753,0
DA:754,0
DA:755,0
DA:756,0
DA:758,0
DA:760,0
DA:762,0
DA:763,0
DA:773,0
DA:784,0
DA:785,0
DA:787,0
DA:788,0
DA:789,0
DA:791,0
DA:792,0
DA:793,0
DA:795,0
DA:798,0
DA:804,0
DA:806,0
DA:807,0
DA:811,0
DA:813,0
DA:814,0
DA:822,0
DA:836,0
DA:837,0
DA:841,0
DA:849,0
DA:850,0
DA:851,0
DA:852,0
DA:853,0
DA:854,0
DA:855,0
DA:860,0
DA:864,0
DA:865,0
DA:866,0
DA:870,0
DA:887,0
DA:890,0
DA:898,0
DA:899,0
DA:900,0
DA:901,0
DA:902,0
DA:903,0
DA:906,0
DA:907,0
DA:912,0
DA:913,0
DA:914,0
DA:917,0
DA:918,0
DA:919,0
DA:920,0
DA:922,0
DA:923,0
DA:924,0
DA:926,0
DA:927,0
DA:928,0
DA:933,0
DA:934,0
DA:936,0
DA:937,0
DA:938,0
DA:939,0
DA:954,0
DA:955,0
DA:956,0
DA:957,0
DA:958,0
DA:959,0
DA:960,0
DA:961,0
DA:962,0
DA:963,0
DA:964,0
DA:965,0
DA:966,0
DA:968,0
DA:970,0
DA:971,0
DA:975,0
DA:976,0
DA:977,0
DA:978,0
DA:979,0
DA:981,0
DA:983,0
DA:984,0
DA:985,0
DA:986,0
DA:987,0
DA:989,0
DA:991,0
DA:994,0
DA:995,0
DA:996,0
DA:1000,0
DA:1001,0
DA:1002,0
DA:1003,0
DA:1004,0
DA:1005,0
DA:1006,0
DA:1007,0
DA:1009,0
DA:1010,0
DA:1012,0
DA:1018,0
DA:1020,0
DA:1021,0
DA:1022,0
DA:1026,0
DA:1027,0
DA:1028,0
DA:1029,0
DA:1030,0
DA:1038,0
DA:1039,0
DA:1040,0
DA:1041,0
DA:1046,0
DA:1048,0
DA:1049,0
DA:1050,0
DA:1051,0
DA:1057,0
DA:1059,0
DA:1060,0
DA:1061,0
DA:1062,0
DA:1063,0
DA:1064,0
DA:1065,0
DA:1066,0
DA:1067,0
DA:1073,0
DA:1074,0
DA:1076,0
DA:1077,0
DA:1078,0
DA:1079,0
DA:1080,0
DA:1081,0
DA:1082,0
DA:1085,0
DA:1087,0
DA:1088,0
DA:1090,0
DA:1092,0
DA:1099,0
DA:1101,0
DA:1112,0
DA:1113,0
DA:1114,0
DA:1124,0
DA:1125,0
DA:1130,0
DA:1133,0
DA:1134,0
DA:1135,0
DA:1136,0
DA:1137,0
DA:1139,0
DA:1140,0
DA:1141,0
DA:1144,0
DA:1147,0
DA:1148,0
DA:1152,0
DA:1153,0
DA:1159,0
DA:1162,0
DA:1164,0
DA:1165,0
DA:1167,0
DA:1168,0
DA:1169,0
DA:1177,0
DA:1180,0
DA:1183,0
DA:1184,0
DA:1185,0
DA:1186,0
DA:1187,0
DA:1188,0
DA:1193,0
DA:1195,0
DA:1197,0
DA:1198,0
DA:1204,0
DA:1206,0
DA:1211,0
DA:1212,0
DA:1214,0
DA:1215,0
DA:1216,0
DA:1218,0
DA:1219,0
DA:1220,0
DA:1221,0
DA:1222,0
DA:1223,0
DA:1224,0
DA:1227,0
DA:1228,0
DA:1232,0
DA:1233,0
DA:1234,0
DA:1236,0
DA:1237,0
DA:1241,0
DA:1242,0
DA:1243,0
DA:1248,0
DA:1250,0
DA:1252,0
DA:1253,0
DA:1259,0
DA:1260,0
DA:1261,0
DA:1264,0
DA:1268,0
DA:1269,0
DA:1270,0
DA:1271,0
DA:1273,0
DA:1274,0
DA:1277,0
DA:1278,0
DA:1279,0
DA:1281,0
DA:1282,0
DA:1283,0
DA:1284,0
DA:1285,0
DA:1286,0
DA:1287,0
DA:1288,0
DA:1289,0
DA:1290,0
DA:1292,0
DA:1295,0
DA:1296,0
DA:1297,0
DA:1303,0
DA:1306,0
DA:1307,0
DA:1308,0
DA:1309,0
DA:1310,0
DA:1312,0
DA:1313,0
DA:1315,0
DA:1323,0
DA:1324,0
DA:1326,0
DA:1327,0
DA:1330,0
DA:1332,0
DA:1334,0
DA:1336,0
DA:1337,0
DA:1340,0
DA:1341,0
DA:1343,0
DA:1354,0
DA:1355,0
DA:1356,0
DA:1363,0
DA:1367,0
DA:1368,0
DA:1369,0
DA:1370,0
DA:1371,0
DA:1373,0
DA:1375,0
DA:1378,0
DA:1388,0
DA:1389,0
DA:1390,0
DA:1393,0
DA:1394,0
DA:1395,0
DA:1396,0
DA:1397,0
DA:1407,0
DA:1409,0
DA:1410,0
DA:1412,0
DA:1413,0
DA:1414,0
DA:1415,0
DA:1416,0
DA:1417,0
DA:1418,0
DA:1419,0
DA:1420,0
DA:1423,0
DA:1424,0
DA:1425,0
DA:1426,0
DA:1427,0
DA:1428,0
DA:1431,0
DA:1435,0
DA:1437,0
DA:1440,0
DA:1441,0
DA:1442,0
DA:1443,0
DA:1446,0
DA:1449,0
DA:1450,0
DA:1452,0
DA:1456,0
DA:1457,0
DA:1458,0
DA:1459,0
DA:1460,0
DA:1462,0
DA:1463,0
DA:1465,0
DA:1468,0
DA:1479,0
DA:1481,0
DA:1483,0
DA:1484,0
DA:1485,0
DA:1486,0
DA:1491,0
DA:1493,0
DA:1494,0
DA:1496,0
DA:1500,0
DA:1501,0
DA:1503,0
DA:1504,0
DA:1505,0
DA:1509,0
DA:1521,0
DA:1522,0
DA:1528,0
DA:1529,0
DA:1530,0
DA:1531,0
DA:1533,0
DA:1534,0
DA:1536,0
DA:1540,0
DA:1542,0
DA:1545,0
DA:1546,0
DA:1547,0
DA:1548,0
DA:1550,0
DA:1552,0
DA:1553,0
DA:1554,0
DA:1555,0
DA:1557,0
DA:1559,0
DA:1560,0
DA:1571,0
DA:1573,0
DA:1576,0
DA:1577,0
DA:1578,0
DA:1580,0
DA:1581,0
DA:1582,0
DA:1583,0
DA:1585,0
DA:1592,0
DA:1593,0
DA:1604,0
DA:1605,0
DA:1606,0
DA:1607,0
DA:1608,0
DA:1612,0
DA:1613,0
DA:1616,0
DA:1617,0
DA:1618,0
DA:1619,0
DA:1621,0
DA:1623,0
DA:1624,0
DA:1625,0
DA:1627,0
DA:1630,0
DA:1631,0
DA:1632,0
DA:1633,0
DA:1634,0
DA:1635,0
DA:1638,0
DA:1641,0
DA:1652,0
DA:1653,0
DA:1654,0
DA:1655,0
DA:1657,0
DA:1658,0
DA:1659,0
DA:1660,0
DA:1661,0
DA:1662,0
DA:1664,0
DA:1665,0
DA:1667,0
DA:1670,0
DA:1671,0
DA:1672,0
DA:1673,0
DA:1675,0
DA:1676,0
DA:1677,0
DA:1678,0
DA:1680,0
DA:1681,0
DA:1684,0
DA:1687,0
DA:1688,0
DA:1689,0
DA:1690,0
DA:1692,0
DA:1695,0
DA:1697,0
DA:1698,0
DA:1707,0
DA:1708,0
DA:1709,0
DA:1710,0
DA:1712,0
DA:1714,0
DA:1715,0
DA:1716,0
DA:1717,0
DA:1719,0
DA:1722,0
DA:1750,0
DA:1751,0
DA:1752,0
DA:1753,0
DA:1754,0
DA:1761,0
DA:1762,0
DA:1770,0
DA:1773,0
DA:1775,0
DA:1776,0
DA:1777,0
DA:1778,0
DA:1779,0
DA:1782,0
DA:1784,0
DA:1786,0
DA:1787,0
DA:1788,0
DA:1790,0
DA:1791,0
DA:1793,0
DA:1797,0
DA:1799,0
DA:1808,0
DA:1810,0
DA:1811,0
DA:1812,0
DA:1813,0
DA:1815,0
DA:1816,0
DA:1818,0
DA:1819,0
DA:1827,0
DA:1834,0
DA:1838,0
DA:1839,0
DA:1841,0
DA:1842,0
DA:1845,0
DA:1848,0
DA:1851,0
DA:1859,0
DA:1861,0
DA:1862,0
DA:1864,0
DA:1867,0
DA:1868,0
DA:1870,0
DA:1872,0
DA:1873,0
DA:1876,0
DA:1877,0
DA:1878,0
DA:1887,0
DA:1889,0
DA:1890,0
DA:1892,0
DA:1899,0
DA:1900,0
DA:1901,0
DA:1902,0
DA:1904,0
DA:1919,0
DA:1920,0
DA:1921,0
DA:1922,0
DA:1932,0
DA:1938,0
DA:1940,0
DA:1942,0
DA:1943,0
DA:1944,0
DA:1946,0
DA:1950,0
DA:1960,0
DA:1961,0
DA:1963,0
DA:1964,0
DA:1968,0
DA:1971,0
DA:1975,0
DA:1979,0
DA:1980,0
DA:1981,0
DA:1982,0
DA:1983,0
DA:1987,0
DA:1990,0
DA:1992,0
DA:1994,0
DA:1995,0
DA:2000,0
DA:2001,0
DA:2003,0
DA:2005,0
DA:2010,0
DA:2012,0
DA:2014,0
DA:2021,0
DA:2022,0
DA:2024,0
DA:2026,0
DA:2028,0
DA:2029,0
DA:2033,0
DA:2038,0
DA:2041,0
DA:2045,0
DA:2046,0
DA:2049,0
DA:2050,0
DA:2052,0
DA:2053,0
DA:2055,0
DA:2059,0
DA:2060,0
DA:2071,0
DA:2074,0
DA:2075,0
DA:2076,0
DA:2077,0
DA:2079,0
DA:2080,0
DA:2081,0
DA:2086,0
DA:2087,0
DA:2088,0
DA:2090,0
DA:2091,0
DA:2092,0
DA:2093,0
DA:2096,0
DA:2097,0
DA:2099,0
DA:2100,0
DA:2102,0
DA:2104,0
DA:2106,0
DA:2108,0
DA:2110,0
DA:2111,0
DA:2112,0
DA:2113,0
DA:2114,0
DA:2119,0
DA:2120,0
DA:2129,0
DA:2131,0
DA:2136,0
DA:2138,0
DA:2139,0
DA:2140,0
DA:2141,0
DA:2142,0
DA:2149,0
DA:2151,0
DA:2152,0
DA:2155,0
DA:2163,0
DA:2169,0
DA:2176,0
DA:2177,0
DA:2178,0
DA:2179,0
DA:2180,0
DA:2183,0
DA:2184,0
DA:2190,0
DA:2191,0
DA:2192,0
DA:2193,0
DA:2196,0
DA:2199,0
DA:2200,0
DA:2209,0
DA:2210,0
DA:2214,0
DA:2216,0
DA:2217,0
DA:2218,0
DA:2220,0
DA:2221,0
DA:2222,0
DA:2223,0
DA:2224,0
DA:2226,0
DA:2234,0
DA:2235,0
DA:2237,0
DA:2238,0
DA:2247,0
DA:2249,0
DA:2250,0
DA:2251,0
DA:2253,0
DA:2254,0
DA:2256,0
DA:2257,0
DA:2258,0
DA:2261,0
DA:2262,0
DA:2263,0
DA:2264,0
DA:2269,0
DA:2270,0
DA:2277,0
DA:2278,0
DA:2280,0
DA:2282,0
DA:2286,0
DA:2287,0
DA:2288,0
DA:2302,0
DA:2304,0
DA:2306,0
DA:2307,0
DA:2310,0
DA:2317,0
DA:2318,0
DA:2326,0
DA:2329,0
DA:2333,0
DA:2335,0
DA:2336,0
DA:2338,0
DA:2340,0
DA:2347,0
DA:2348,0
DA:2368,0
DA:2370,0
DA:2372,0
DA:2373,0
DA:2374,0
DA:2375,0
DA:2381,0
DA:2382,0
DA:2383,0
DA:2384,0
DA:2385,0
DA:2386,0
DA:2393,0
DA:2395,0
DA:2396,0
DA:2397,0
DA:2398,0
DA:2399,0
DA:2405,0
DA:2408,0
DA:2409,0
DA:2410,0
DA:2413,0
DA:2415,0
DA:2418,0
DA:2419,0
DA:2421,0
DA:2426,0
DA:2427,0
DA:2428,0
DA:2431,0
DA:2445,0
DA:2446,0
DA:2447,0
DA:2451,0
DA:2452,0
DA:2453,0
DA:2456,0
DA:2457,0
DA:2458,0
DA:2459,0
DA:2460,0
DA:2461,0
DA:2462,0
DA:2464,0
DA:2468,0
DA:2471,0
DA:2472,0
DA:2474,0
DA:2479,0
DA:2480,0
DA:2481,0
DA:2484,0
DA:2494,0
DA:2495,0
DA:2497,0
DA:2500,0
DA:2501,0
DA:2502,0
DA:2505,0
DA:2506,0
DA:2507,0
DA:2508,0
DA:2509,0
DA:2510,0
DA:2511,0
DA:2514,0
DA:2517,0
DA:2518,0
DA:2527,0
DA:2528,0
DA:2529,0
DA:2530,0
DA:2532,0
DA:2534,0
DA:2549,0
DA:2550,0
DA:2552,0
DA:2553,0
DA:2554,0
DA:2555,0
DA:2556,0
DA:2562,0
DA:2563,0
DA:2564,0
DA:2565,0
DA:2566,0
DA:2567,0
DA:2574,0
DA:2577,0
DA:2579,0
DA:2594,0
DA:2595,0
DA:2596,0
DA:2598,0
DA:2600,0
DA:2601,0
DA:2602,0
DA:2603,0
DA:2604,0
DA:2610,0
DA:2611,0
DA:2612,0
DA:2623,0
DA:2624,0
DA:2625,0
DA:2626,0
DA:2627,0
DA:2628,0
DA:2629,0
DA:2631,0
DA:2633,0
DA:2636,0
DA:2638,0
DA:2644,0
DA:2645,0
DA:2647,0
DA:2650,0
DA:2651,0
DA:2654,0
DA:2655,0
DA:2662,0
DA:2670,0
DA:2671,0
DA:2672,0
DA:2673,0
DA:2678,0
DA:2681,0
DA:2683,0
DA:2684,0
DA:2687,0
DA:2695,0
DA:2699,0
DA:2711,0
DA:2717,0
DA:2719,0
DA:2720,0
DA:2737,0
DA:2738,0
DA:2739,0
DA:2740,0
DA:2742,0
DA:2743,0
DA:2744,0
DA:2745,0
DA:2747,0
DA:2749,0
DA:2751,0
DA:2752,0
DA:2755,0
DA:2756,0
DA:2768,0
DA:2769,0
DA:2770,0
DA:2771,0
DA:2773,0
DA:2776,0
DA:2779,0
DA:2780,0
DA:2784,0
DA:2785,0
DA:2786,0
DA:2787,0
DA:2788,0
DA:2794,0
DA:2795,0
DA:2796,0
DA:2797,0
DA:2799,0
DA:2801,0
DA:2803,0
DA:2805,0
DA:2807,0
DA:2812,0
DA:2813,0
DA:2814,0
DA:2815,0
DA:2817,0
DA:2818,0
DA:2819,0
DA:2820,0
DA:2821,0
DA:2827,0
DA:2829,0
DA:2830,0
DA:2831,0
DA:2832,0
DA:2834,0
DA:2837,0
DA:2838,0
DA:2846,0
DA:2847,0
DA:2848,0
DA:2850,0
DA:2853,0
DA:2867,0
DA:2868,0
DA:2875,0
DA:2892,0
DA:2897,0
DA:2898,0
DA:2899,0
DA:2900,0
DA:2901,0
DA:2902,0
DA:2903,0
DA:2904,0
DA:2905,0
DA:2906,0
DA:2907,0
DA:2910,0
DA:2911,0
DA:2917,0
DA:2918,0
DA:2919,0
DA:2926,0
DA:2927,0
DA:2929,0
DA:2931,0
DA:2932,0
DA:2933,0
DA:2941,0
DA:2942,0
DA:2943,0
DA:2948,0
DA:2950,0
DA:2955,0
DA:2956,0
DA:2957,0
DA:2958,0
DA:2960,0
DA:2963,0
DA:2964,0
DA:2965,0
DA:2968,0
DA:2969,0
DA:2971,0
DA:2974,0
DA:2976,0
DA:2978,0
DA:2980,0
DA:2986,0
DA:2987,0
DA:2994,0
DA:3002,0
DA:3004,0
DA:3005,0
DA:3008,0
DA:3009,0
DA:3016,0
DA:3024,0
DA:3027,0
DA:3028,0
DA:3030,0
DA:3046,0
DA:3058,0
DA:3060,0
DA:3064,0
DA:3071,0
DA:3073,0
DA:3075,0
DA:3076,0
DA:3077,0
DA:3079,0
DA:3080,0
DA:3082,0
DA:3091,0
DA:3092,0
DA:3094,0
DA:3103,0
DA:3104,0
DA:3106,0
DA:3107,0
DA:3108,0
DA:3109,0
DA:3110,0
DA:3111,0
DA:3114,0
DA:3118,0
DA:3119,0
DA:3127,0
DA:3129,0
DA:3130,0
DA:3131,0
DA:3135,0
DA:3138,0
DA:3149,0
DA:3150,0
DA:3152,0
DA:3158,0
DA:3159,0
DA:3160,0
DA:3161,0
DA:3164,0
DA:3165,0
DA:3166,0
DA:3169,0
DA:3170,0
DA:3171,0
DA:3180,0
DA:3181,0
DA:3185,0
DA:3186,0
DA:3190,0
DA:3216,0
DA:3217,0
DA:3218,0
DA:3219,0
DA:3222,0
DA:3223,0
DA:3224,0
DA:3225,0
DA:3228,0
DA:3229,0
DA:3230,0
DA:3231,0
DA:3232,0
DA:3233,0
DA:3234,0
DA:3237,0
DA:3240,0
DA:3242,0
DA:3243,0
DA:3244,0
DA:3245,0
DA:3247,0
DA:3248,0
DA:3251,0
DA:3253,0
DA:3256,0
DA:3266,0
DA:3267,0
DA:3272,0
DA:3273,0
DA:3274,0
DA:3275,0
DA:3279,0
DA:3280,0
DA:3282,0
DA:3283,0
DA:3284,0
DA:3285,0
DA:3286,0
DA:3289,0
DA:3290,0
DA:3291,0
DA:3292,0
DA:3294,0
DA:3295,0
DA:3303,0
DA:3304,0
DA:3305,0
DA:3306,0
DA:3312,0
DA:3313,0
DA:3314,0
DA:3315,0
DA:3318,0
DA:3319,0
DA:3320,0
DA:3323,0
DA:3324,0
DA:3325,0
DA:3332,0
DA:3335,0
DA:3336,0
DA:3337,0
DA:3338,0
DA:3339,0
DA:3340,0
DA:3345,0
DA:3346,0
DA:3347,0
DA:3348,0
LF:1344
LH:1
end_of_record
SF:lib\widgets\note_editor\ai_assistant_menu.dart
DA:10,0
DA:16,0
DA:17,0
DA:23,0
DA:25,0
DA:27,0
DA:28,0
DA:30,0
DA:31,0
DA:33,0
DA:34,0
DA:35,0
DA:41,0
DA:53,0
DA:54,0
DA:55,0
DA:63,0
DA:64,0
DA:66,0
DA:67,0
DA:69,0
DA:71,0
DA:75,0
DA:77,0
DA:78,0
DA:79,0
DA:80,0
DA:81,0
DA:85,0
DA:86,0
DA:87,0
DA:92,0
DA:93,0
DA:94,0
DA:98,0
DA:99,0
LF:36
LH:0
end_of_record
SF:lib\services\cfo_service.dart
DA:7,0
DA:8,0
DA:11,0
DA:16,0
DA:17,0
DA:18,0
DA:19,0
LF:7
LH:0
end_of_record
SF:lib\services\import_service.dart
DA:7,1
DA:9,1
DA:10,2
DA:13,0
DA:14,0
DA:18,0
DA:19,0
DA:20,0
DA:23,1
DA:29,2
DA:30,2
DA:31,2
LF:12
LH:7
end_of_record
